[28-Mar-2020 06:17:40 Asia/Tokyo] デバッグ：「「「「「「「「「「「「「「「「「「「「「「「「「「「「「「「「「「「「「「「「
[28-Mar-2020 06:17:40 Asia/Tokyo] デバッグ：「　ログインページ　
[28-Mar-2020 06:17:40 Asia/Tokyo] デバッグ：「「「「「「「「「「「「「「「「「「「「「「「「「「「「「「「「「「「「「「「「
[28-Mar-2020 06:17:40 Asia/Tokyo] デバッグ：>>>>>>>>>>>>>>>>>>>>>>>>>>>>>>>>>>>>>>>>>>>>>>>>>>>> 画面表示処理開始
[28-Mar-2020 06:17:40 Asia/Tokyo] デバッグ：セッションID：jurh1moo9be8gg38rcmcid24hl
[28-Mar-2020 06:17:40 Asia/Tokyo] デバッグ：セッション変数の中身:Array
(
)

[28-Mar-2020 06:17:40 Asia/Tokyo] デバッグ：現在日時タイムスタンンプ1585343860
[28-Mar-2020 06:17:40 Asia/Tokyo] デバッグ：未ログインユーザーです。
[28-Mar-2020 06:17:40 Asia/Tokyo] デバッグ：POST送信があります。
[28-Mar-2020 06:17:40 Asia/Tokyo] デバッグ：画面表示処理終了 <<<<<<<<<<<<<<<<<<<<<<<<<<<<<<<<<<<<<<<<<<<<<<<<<
[28-Mar-2020 06:17:47 Asia/Tokyo] デバッグ：「「「「「「「「「「「「「「「「「「「「「「「「「「「「「「「「「「「「「「「「
[28-Mar-2020 06:17:47 Asia/Tokyo] デバッグ：「　ログインページ　
[28-Mar-2020 06:17:47 Asia/Tokyo] デバッグ：「「「「「「「「「「「「「「「「「「「「「「「「「「「「「「「「「「「「「「「「
[28-Mar-2020 06:17:47 Asia/Tokyo] デバッグ：>>>>>>>>>>>>>>>>>>>>>>>>>>>>>>>>>>>>>>>>>>>>>>>>>>>> 画面表示処理開始
[28-Mar-2020 06:17:47 Asia/Tokyo] デバッグ：セッションID：4uv12nvljoni09tpekd5rkfif7
[28-Mar-2020 06:17:47 Asia/Tokyo] デバッグ：セッション変数の中身:Array
(
)

[28-Mar-2020 06:17:47 Asia/Tokyo] デバッグ：現在日時タイムスタンンプ1585343867
[28-Mar-2020 06:17:47 Asia/Tokyo] デバッグ：未ログインユーザーです。
[28-Mar-2020 06:17:47 Asia/Tokyo] デバッグ：POST送信があります。
[28-Mar-2020 06:17:47 Asia/Tokyo] デバッグ：画面表示処理終了 <<<<<<<<<<<<<<<<<<<<<<<<<<<<<<<<<<<<<<<<<<<<<<<<<
[28-Mar-2020 06:23:13 Asia/Tokyo] デバッグ：「「「「「「「「「「「「「「「「「「「「「「「「「「「「「「「「「「「「「「「「
[28-Mar-2020 06:23:13 Asia/Tokyo] デバッグ：「　ログインページ　
[28-Mar-2020 06:23:13 Asia/Tokyo] デバッグ：「「「「「「「「「「「「「「「「「「「「「「「「「「「「「「「「「「「「「「「「
[28-Mar-2020 06:23:13 Asia/Tokyo] デバッグ：>>>>>>>>>>>>>>>>>>>>>>>>>>>>>>>>>>>>>>>>>>>>>>>>>>>> 画面表示処理開始
[28-Mar-2020 06:23:13 Asia/Tokyo] デバッグ：セッションID：lfobujv1j9mono1r777urkh39s
[28-Mar-2020 06:23:13 Asia/Tokyo] デバッグ：セッション変数の中身:Array
(
)

[28-Mar-2020 06:23:13 Asia/Tokyo] デバッグ：現在日時タイムスタンンプ1585344193
[28-Mar-2020 06:23:13 Asia/Tokyo] デバッグ：未ログインユーザーです。
[28-Mar-2020 06:23:13 Asia/Tokyo] デバッグ：POST送信があります。
[28-Mar-2020 06:23:13 Asia/Tokyo] デバッグ：$_POSTの中身：Array
(
    [email] => 
    [pass] => 
)

[28-Mar-2020 06:23:13 Asia/Tokyo] デバッグ：画面表示処理終了 <<<<<<<<<<<<<<<<<<<<<<<<<<<<<<<<<<<<<<<<<<<<<<<<<
[28-Mar-2020 06:24:39 Asia/Tokyo] デバッグ：「「「「「「「「「「「「「「「「「「「「「「「「「「「「「「「「「「「「「「「「
[28-Mar-2020 06:24:39 Asia/Tokyo] デバッグ：「　ログインページ　
[28-Mar-2020 06:24:39 Asia/Tokyo] デバッグ：「「「「「「「「「「「「「「「「「「「「「「「「「「「「「「「「「「「「「「「「
[28-Mar-2020 06:24:39 Asia/Tokyo] デバッグ：>>>>>>>>>>>>>>>>>>>>>>>>>>>>>>>>>>>>>>>>>>>>>>>>>>>> 画面表示処理開始
[28-Mar-2020 06:24:39 Asia/Tokyo] デバッグ：セッションID：287629p4fdduqnh7vd7bbtcs68
[28-Mar-2020 06:24:39 Asia/Tokyo] デバッグ：セッション変数の中身:Array
(
)

[28-Mar-2020 06:24:39 Asia/Tokyo] デバッグ：現在日時タイムスタンンプ1585344279
[28-Mar-2020 06:24:39 Asia/Tokyo] デバッグ：未ログインユーザーです。
[28-Mar-2020 06:24:39 Asia/Tokyo] デバッグ：POST送信があります。
[28-Mar-2020 06:24:39 Asia/Tokyo] デバッグ：$_POSTの中身：Array
(
    [email] => 
    [pass] => 
)

[28-Mar-2020 06:24:39 Asia/Tokyo] デバッグ：画面表示処理終了 <<<<<<<<<<<<<<<<<<<<<<<<<<<<<<<<<<<<<<<<<<<<<<<<<
[28-Mar-2020 06:25:49 Asia/Tokyo] デバッグ：「「「「「「「「「「「「「「「「「「「「「「「「「「「「「「「「「「「「「「「「
[28-Mar-2020 06:25:49 Asia/Tokyo] デバッグ：「　ログインページ　
[28-Mar-2020 06:25:49 Asia/Tokyo] デバッグ：「「「「「「「「「「「「「「「「「「「「「「「「「「「「「「「「「「「「「「「「
[28-Mar-2020 06:25:49 Asia/Tokyo] デバッグ：>>>>>>>>>>>>>>>>>>>>>>>>>>>>>>>>>>>>>>>>>>>>>>>>>>>> 画面表示処理開始
[28-Mar-2020 06:25:49 Asia/Tokyo] デバッグ：セッションID：iprppj2so5gpov8dsobnb8j8cl
[28-Mar-2020 06:25:49 Asia/Tokyo] デバッグ：セッション変数の中身:Array
(
)

[28-Mar-2020 06:25:49 Asia/Tokyo] デバッグ：現在日時タイムスタンンプ1585344349
[28-Mar-2020 06:25:49 Asia/Tokyo] デバッグ：未ログインユーザーです。
[28-Mar-2020 06:25:49 Asia/Tokyo] デバッグ：POST送信があります。
[28-Mar-2020 06:25:49 Asia/Tokyo] デバッグ：$_POSTの中身：Array
(
    [email] => 
    [pass] => 
)

[28-Mar-2020 06:25:49 Asia/Tokyo] デバッグ：画面表示処理終了 <<<<<<<<<<<<<<<<<<<<<<<<<<<<<<<<<<<<<<<<<<<<<<<<<
[28-Mar-2020 06:25:51 Asia/Tokyo] デバッグ：「「「「「「「「「「「「「「「「「「「「「「「「「「「「「「「「「「「「「「「「
[28-Mar-2020 06:25:51 Asia/Tokyo] デバッグ：「　ログインページ　
[28-Mar-2020 06:25:51 Asia/Tokyo] デバッグ：「「「「「「「「「「「「「「「「「「「「「「「「「「「「「「「「「「「「「「「「
[28-Mar-2020 06:25:51 Asia/Tokyo] デバッグ：>>>>>>>>>>>>>>>>>>>>>>>>>>>>>>>>>>>>>>>>>>>>>>>>>>>> 画面表示処理開始
[28-Mar-2020 06:25:51 Asia/Tokyo] デバッグ：セッションID：ti8ruu59ka7alimoojcfrlsiiu
[28-Mar-2020 06:25:51 Asia/Tokyo] デバッグ：セッション変数の中身:Array
(
)

[28-Mar-2020 06:25:51 Asia/Tokyo] デバッグ：現在日時タイムスタンンプ1585344351
[28-Mar-2020 06:25:51 Asia/Tokyo] デバッグ：未ログインユーザーです。
[28-Mar-2020 06:25:51 Asia/Tokyo] デバッグ：POST送信があります。
[28-Mar-2020 06:25:51 Asia/Tokyo] デバッグ：$_POSTの中身：Array
(
    [email] => 
    [pass] => 
)

[28-Mar-2020 06:25:51 Asia/Tokyo] デバッグ：画面表示処理終了 <<<<<<<<<<<<<<<<<<<<<<<<<<<<<<<<<<<<<<<<<<<<<<<<<
[28-Mar-2020 06:26:49 Asia/Tokyo] デバッグ：「「「「「「「「「「「「「「「「「「「「「「「「「「「「「「「「「「「「「「「「
[28-Mar-2020 06:26:49 Asia/Tokyo] デバッグ：「　ログインページ　
[28-Mar-2020 06:26:49 Asia/Tokyo] デバッグ：「「「「「「「「「「「「「「「「「「「「「「「「「「「「「「「「「「「「「「「「
[28-Mar-2020 06:26:49 Asia/Tokyo] デバッグ：>>>>>>>>>>>>>>>>>>>>>>>>>>>>>>>>>>>>>>>>>>>>>>>>>>>> 画面表示処理開始
[28-Mar-2020 06:26:49 Asia/Tokyo] デバッグ：セッションID：b5uar835v4aufjeops7l94mfqa
[28-Mar-2020 06:26:49 Asia/Tokyo] デバッグ：セッション変数の中身:Array
(
)

[28-Mar-2020 06:26:49 Asia/Tokyo] デバッグ：現在日時タイムスタンンプ1585344409
[28-Mar-2020 06:26:49 Asia/Tokyo] デバッグ：未ログインユーザーです。
[28-Mar-2020 06:26:49 Asia/Tokyo] デバッグ：POST送信があります。
[28-Mar-2020 06:26:49 Asia/Tokyo] デバッグ：$_POSTの中身：Array
(
    [email] => 
    [pass] => 
)

[28-Mar-2020 06:26:49 Asia/Tokyo] デバッグ：画面表示処理終了 <<<<<<<<<<<<<<<<<<<<<<<<<<<<<<<<<<<<<<<<<<<<<<<<<
[28-Mar-2020 06:27:00 Asia/Tokyo] デバッグ：「「「「「「「「「「「「「「「「「「「「「「「「「「「「「「「「「「「「「「「「
[28-Mar-2020 06:27:00 Asia/Tokyo] デバッグ：「　ログインページ　
[28-Mar-2020 06:27:00 Asia/Tokyo] デバッグ：「「「「「「「「「「「「「「「「「「「「「「「「「「「「「「「「「「「「「「「「
[28-Mar-2020 06:27:00 Asia/Tokyo] デバッグ：>>>>>>>>>>>>>>>>>>>>>>>>>>>>>>>>>>>>>>>>>>>>>>>>>>>> 画面表示処理開始
[28-Mar-2020 06:27:00 Asia/Tokyo] デバッグ：セッションID：l2fcerpo6bui0756l1ginlu3ca
[28-Mar-2020 06:27:00 Asia/Tokyo] デバッグ：セッション変数の中身:Array
(
)

[28-Mar-2020 06:27:00 Asia/Tokyo] デバッグ：現在日時タイムスタンンプ1585344420
[28-Mar-2020 06:27:00 Asia/Tokyo] デバッグ：未ログインユーザーです。
[28-Mar-2020 06:27:00 Asia/Tokyo] デバッグ：POST送信があります。
[28-Mar-2020 06:27:00 Asia/Tokyo] デバッグ：$_POSTの中身：Array
(
    [email] => 
    [pass] => 
)

[28-Mar-2020 06:27:00 Asia/Tokyo] デバッグ：画面表示処理終了 <<<<<<<<<<<<<<<<<<<<<<<<<<<<<<<<<<<<<<<<<<<<<<<<<
[28-Mar-2020 06:28:11 Asia/Tokyo] デバッグ：「「「「「「「「「「「「「「「「「「「「「「「「「「「「「「「「「「「「「「「「
[28-Mar-2020 06:28:11 Asia/Tokyo] デバッグ：「　ログインページ　
[28-Mar-2020 06:28:11 Asia/Tokyo] デバッグ：「「「「「「「「「「「「「「「「「「「「「「「「「「「「「「「「「「「「「「「「
[28-Mar-2020 06:28:11 Asia/Tokyo] デバッグ：>>>>>>>>>>>>>>>>>>>>>>>>>>>>>>>>>>>>>>>>>>>>>>>>>>>> 画面表示処理開始
[28-Mar-2020 06:28:11 Asia/Tokyo] デバッグ：セッションID：4sisupftv7m8iemmhvetjd3qvg
[28-Mar-2020 06:28:11 Asia/Tokyo] デバッグ：セッション変数の中身:Array
(
)

[28-Mar-2020 06:28:11 Asia/Tokyo] デバッグ：現在日時タイムスタンンプ1585344491
[28-Mar-2020 06:28:11 Asia/Tokyo] デバッグ：未ログインユーザーです。
[28-Mar-2020 06:28:11 Asia/Tokyo] デバッグ：POST送信があります。
[28-Mar-2020 06:28:11 Asia/Tokyo] デバッグ：$_POSTの中身：Array
(
    [email] => 
    [pass] => 
)

[28-Mar-2020 06:28:11 Asia/Tokyo] デバッグ：画面表示処理終了 <<<<<<<<<<<<<<<<<<<<<<<<<<<<<<<<<<<<<<<<<<<<<<<<<
[28-Mar-2020 06:29:51 Asia/Tokyo] デバッグ：「「「「「「「「「「「「「「「「「「「「「「「「「「「「「「「「「「「「「「「「
[28-Mar-2020 06:29:51 Asia/Tokyo] デバッグ：「　ログインページ　
[28-Mar-2020 06:29:51 Asia/Tokyo] デバッグ：「「「「「「「「「「「「「「「「「「「「「「「「「「「「「「「「「「「「「「「「
[28-Mar-2020 06:29:51 Asia/Tokyo] デバッグ：>>>>>>>>>>>>>>>>>>>>>>>>>>>>>>>>>>>>>>>>>>>>>>>>>>>> 画面表示処理開始
[28-Mar-2020 06:29:51 Asia/Tokyo] デバッグ：セッションID：0lqf3g6jhm324llug3sg0hfmn5
[28-Mar-2020 06:29:51 Asia/Tokyo] デバッグ：セッション変数の中身:Array
(
)

[28-Mar-2020 06:29:51 Asia/Tokyo] デバッグ：現在日時タイムスタンンプ1585344591
[28-Mar-2020 06:29:51 Asia/Tokyo] デバッグ：未ログインユーザーです。
[28-Mar-2020 06:29:51 Asia/Tokyo] デバッグ：POST送信があります。
[28-Mar-2020 06:29:51 Asia/Tokyo] デバッグ：$_POSTの中身：Array
(
    [email] => 
    [pass] => 
)

[28-Mar-2020 06:29:51 Asia/Tokyo] デバッグ：画面表示処理終了 <<<<<<<<<<<<<<<<<<<<<<<<<<<<<<<<<<<<<<<<<<<<<<<<<
[28-Mar-2020 06:36:03 Asia/Tokyo] デバッグ：「「「「「「「「「「「「「「「「「「「「「「「「「「「「「「「「「「「「「「「「
[28-Mar-2020 06:36:03 Asia/Tokyo] デバッグ：「　ログインページ　
[28-Mar-2020 06:36:03 Asia/Tokyo] デバッグ：「「「「「「「「「「「「「「「「「「「「「「「「「「「「「「「「「「「「「「「「
[28-Mar-2020 06:36:03 Asia/Tokyo] デバッグ：>>>>>>>>>>>>>>>>>>>>>>>>>>>>>>>>>>>>>>>>>>>>>>>>>>>> 画面表示処理開始
[28-Mar-2020 06:36:03 Asia/Tokyo] デバッグ：セッションID：n0cvk5glp1scoor8ho0e308qa7
[28-Mar-2020 06:36:03 Asia/Tokyo] デバッグ：セッション変数の中身:Array
(
)

[28-Mar-2020 06:36:03 Asia/Tokyo] デバッグ：現在日時タイムスタンンプ1585344963
[28-Mar-2020 06:36:03 Asia/Tokyo] デバッグ：未ログインユーザーです。
[28-Mar-2020 06:36:03 Asia/Tokyo] デバッグ：POST送信があります。
[28-Mar-2020 06:36:03 Asia/Tokyo] デバッグ：$_POSTの中身：Array
(
    [email] => 
    [pass] => 
)

[28-Mar-2020 06:36:03 Asia/Tokyo] デバッグ：画面表示処理終了 <<<<<<<<<<<<<<<<<<<<<<<<<<<<<<<<<<<<<<<<<<<<<<<<<
[28-Mar-2020 06:36:12 Asia/Tokyo] デバッグ：「「「「「「「「「「「「「「「「「「「「「「「「「「「「「「「「「「「「「「「「
[28-Mar-2020 06:36:12 Asia/Tokyo] デバッグ：「　ログインページ　
[28-Mar-2020 06:36:12 Asia/Tokyo] デバッグ：「「「「「「「「「「「「「「「「「「「「「「「「「「「「「「「「「「「「「「「「
[28-Mar-2020 06:36:12 Asia/Tokyo] デバッグ：>>>>>>>>>>>>>>>>>>>>>>>>>>>>>>>>>>>>>>>>>>>>>>>>>>>> 画面表示処理開始
[28-Mar-2020 06:36:12 Asia/Tokyo] デバッグ：セッションID：5e0kq14ujlne76s8d8bunjrho5
[28-Mar-2020 06:36:12 Asia/Tokyo] デバッグ：セッション変数の中身:Array
(
)

[28-Mar-2020 06:36:12 Asia/Tokyo] デバッグ：現在日時タイムスタンンプ1585344972
[28-Mar-2020 06:36:12 Asia/Tokyo] デバッグ：未ログインユーザーです。
[28-Mar-2020 06:36:12 Asia/Tokyo] デバッグ：POST送信があります。
[28-Mar-2020 06:36:12 Asia/Tokyo] デバッグ：$_POSTの中身：Array
(
    [email] => 111111111111111111111111111111111111111111111111111111111111111111111111111111111111111111111111111111111111111111111111111111111111111111111111111111111111111111111111111111111111111111111111111111111111111111111111111111111111111111111111111111111111111111111111111111111111111111111111111111111111111111111111111111111111111111111111111111111111111111111111111111111111111111111111111111111111111111111111111111111111111111111111111111111111111111111111111111111111111111111
    [pass] => 
)

[28-Mar-2020 06:36:12 Asia/Tokyo] デバッグ：画面表示処理終了 <<<<<<<<<<<<<<<<<<<<<<<<<<<<<<<<<<<<<<<<<<<<<<<<<
[28-Mar-2020 06:36:27 Asia/Tokyo] デバッグ：「「「「「「「「「「「「「「「「「「「「「「「「「「「「「「「「「「「「「「「「
[28-Mar-2020 06:36:27 Asia/Tokyo] デバッグ：「　ログインページ　
[28-Mar-2020 06:36:27 Asia/Tokyo] デバッグ：「「「「「「「「「「「「「「「「「「「「「「「「「「「「「「「「「「「「「「「「
[28-Mar-2020 06:36:27 Asia/Tokyo] デバッグ：>>>>>>>>>>>>>>>>>>>>>>>>>>>>>>>>>>>>>>>>>>>>>>>>>>>> 画面表示処理開始
[28-Mar-2020 06:36:27 Asia/Tokyo] デバッグ：セッションID：598jlhhj69cnnqosrgq26dn8lr
[28-Mar-2020 06:36:27 Asia/Tokyo] デバッグ：セッション変数の中身:Array
(
)

[28-Mar-2020 06:36:27 Asia/Tokyo] デバッグ：現在日時タイムスタンンプ1585344987
[28-Mar-2020 06:36:27 Asia/Tokyo] デバッグ：未ログインユーザーです。
[28-Mar-2020 06:36:27 Asia/Tokyo] デバッグ：POST送信があります。
[28-Mar-2020 06:36:27 Asia/Tokyo] デバッグ：$_POSTの中身：Array
(
    [email] => 11@com.com
    [pass] => 
)

[28-Mar-2020 06:36:27 Asia/Tokyo] デバッグ：画面表示処理終了 <<<<<<<<<<<<<<<<<<<<<<<<<<<<<<<<<<<<<<<<<<<<<<<<<
[28-Mar-2020 06:36:32 Asia/Tokyo] デバッグ：「「「「「「「「「「「「「「「「「「「「「「「「「「「「「「「「「「「「「「「「
[28-Mar-2020 06:36:32 Asia/Tokyo] デバッグ：「　ログインページ　
[28-Mar-2020 06:36:32 Asia/Tokyo] デバッグ：「「「「「「「「「「「「「「「「「「「「「「「「「「「「「「「「「「「「「「「「
[28-Mar-2020 06:36:32 Asia/Tokyo] デバッグ：>>>>>>>>>>>>>>>>>>>>>>>>>>>>>>>>>>>>>>>>>>>>>>>>>>>> 画面表示処理開始
[28-Mar-2020 06:36:32 Asia/Tokyo] デバッグ：セッションID：6qvip1lm6ukojts5d7sb88e3d9
[28-Mar-2020 06:36:32 Asia/Tokyo] デバッグ：セッション変数の中身:Array
(
)

[28-Mar-2020 06:36:32 Asia/Tokyo] デバッグ：現在日時タイムスタンンプ1585344992
[28-Mar-2020 06:36:32 Asia/Tokyo] デバッグ：未ログインユーザーです。
[28-Mar-2020 06:36:32 Asia/Tokyo] デバッグ：POST送信があります。
[28-Mar-2020 06:36:32 Asia/Tokyo] デバッグ：$_POSTの中身：Array
(
    [email] => 11@
    [pass] => 
)

[28-Mar-2020 06:36:32 Asia/Tokyo] デバッグ：画面表示処理終了 <<<<<<<<<<<<<<<<<<<<<<<<<<<<<<<<<<<<<<<<<<<<<<<<<
[28-Mar-2020 06:36:47 Asia/Tokyo] デバッグ：「「「「「「「「「「「「「「「「「「「「「「「「「「「「「「「「「「「「「「「「
[28-Mar-2020 06:36:47 Asia/Tokyo] デバッグ：「　ログインページ　
[28-Mar-2020 06:36:47 Asia/Tokyo] デバッグ：「「「「「「「「「「「「「「「「「「「「「「「「「「「「「「「「「「「「「「「「
[28-Mar-2020 06:36:48 Asia/Tokyo] デバッグ：>>>>>>>>>>>>>>>>>>>>>>>>>>>>>>>>>>>>>>>>>>>>>>>>>>>> 画面表示処理開始
[28-Mar-2020 06:36:48 Asia/Tokyo] デバッグ：セッションID：i8mjddufpcfvb7urg29heap9v9
[28-Mar-2020 06:36:48 Asia/Tokyo] デバッグ：セッション変数の中身:Array
(
)

[28-Mar-2020 06:36:48 Asia/Tokyo] デバッグ：現在日時タイムスタンンプ1585345008
[28-Mar-2020 06:36:48 Asia/Tokyo] デバッグ：未ログインユーザーです。
[28-Mar-2020 06:36:48 Asia/Tokyo] デバッグ：POST送信があります。
[28-Mar-2020 06:36:48 Asia/Tokyo] デバッグ：$_POSTの中身：Array
(
    [email] => 
    [pass] =>     .err input,     .err select{       background: #f7dcd9;     }     .err input,     .err select{       background: #f7dcd9;     }     .err input,     .err select{       background: #f7dcd9;     }     .err input,     .err select{       background: #f7dcd9;     }     .err input,     .err select{       background: #f7dcd9;     }     .err input,     .err select{       background: #f7dcd9;     }     .err input,     .err select{       background: #f7dcd9;     }     .err input,     .err select{       background: #f7dcd9;     }     .err input,     .err select{       background: #f7dcd9;     }     .err input,     .err select{       background: #f7dcd9;     }     .err input,     .err select{       background: #f7dcd9;     } 
)

[28-Mar-2020 06:36:48 Asia/Tokyo] デバッグ：画面表示処理終了 <<<<<<<<<<<<<<<<<<<<<<<<<<<<<<<<<<<<<<<<<<<<<<<<<
[28-Mar-2020 06:37:02 Asia/Tokyo] デバッグ：「「「「「「「「「「「「「「「「「「「「「「「「「「「「「「「「「「「「「「「「
[28-Mar-2020 06:37:02 Asia/Tokyo] デバッグ：「　ログインページ　
[28-Mar-2020 06:37:02 Asia/Tokyo] デバッグ：「「「「「「「「「「「「「「「「「「「「「「「「「「「「「「「「「「「「「「「「
[28-Mar-2020 06:37:02 Asia/Tokyo] デバッグ：>>>>>>>>>>>>>>>>>>>>>>>>>>>>>>>>>>>>>>>>>>>>>>>>>>>> 画面表示処理開始
[28-Mar-2020 06:37:02 Asia/Tokyo] デバッグ：セッションID：1knv84nm6vtvfpbqtru50l4pe7
[28-Mar-2020 06:37:02 Asia/Tokyo] デバッグ：セッション変数の中身:Array
(
)

[28-Mar-2020 06:37:02 Asia/Tokyo] デバッグ：現在日時タイムスタンンプ1585345022
[28-Mar-2020 06:37:02 Asia/Tokyo] デバッグ：未ログインユーザーです。
[28-Mar-2020 06:37:02 Asia/Tokyo] デバッグ：POST送信があります。
[28-Mar-2020 06:37:02 Asia/Tokyo] デバッグ：$_POSTの中身：Array
(
    [email] => 
    [pass] => 111
)

[28-Mar-2020 06:37:03 Asia/Tokyo] デバッグ：画面表示処理終了 <<<<<<<<<<<<<<<<<<<<<<<<<<<<<<<<<<<<<<<<<<<<<<<<<
[28-Mar-2020 06:37:23 Asia/Tokyo] デバッグ：「「「「「「「「「「「「「「「「「「「「「「「「「「「「「「「「「「「「「「「「
[28-Mar-2020 06:37:23 Asia/Tokyo] デバッグ：「　ログインページ　
[28-Mar-2020 06:37:23 Asia/Tokyo] デバッグ：「「「「「「「「「「「「「「「「「「「「「「「「「「「「「「「「「「「「「「「「
[28-Mar-2020 06:37:23 Asia/Tokyo] デバッグ：>>>>>>>>>>>>>>>>>>>>>>>>>>>>>>>>>>>>>>>>>>>>>>>>>>>> 画面表示処理開始
[28-Mar-2020 06:37:23 Asia/Tokyo] デバッグ：セッションID：ts9kscpd34d2qad2a849ittsv6
[28-Mar-2020 06:37:23 Asia/Tokyo] デバッグ：セッション変数の中身:Array
(
)

[28-Mar-2020 06:37:23 Asia/Tokyo] デバッグ：現在日時タイムスタンンプ1585345043
[28-Mar-2020 06:37:23 Asia/Tokyo] デバッグ：未ログインユーザーです。
[28-Mar-2020 06:37:23 Asia/Tokyo] デバッグ：POST送信があります。
[28-Mar-2020 06:37:23 Asia/Tokyo] デバッグ：$_POSTの中身：Array
(
    [email] => info@webukatu.com
    [pass] => 111111
    [pass_save] => on
)

[28-Mar-2020 06:37:23 Asia/Tokyo] デバッグ：画面表示処理終了 <<<<<<<<<<<<<<<<<<<<<<<<<<<<<<<<<<<<<<<<<<<<<<<<<
[28-Mar-2020 06:37:31 Asia/Tokyo] デバッグ：「「「「「「「「「「「「「「「「「「「「「「「「「「「「「「「「「「「「「「「「
[28-Mar-2020 06:37:31 Asia/Tokyo] デバッグ：「　ログインページ　
[28-Mar-2020 06:37:31 Asia/Tokyo] デバッグ：「「「「「「「「「「「「「「「「「「「「「「「「「「「「「「「「「「「「「「「「
[28-Mar-2020 06:37:31 Asia/Tokyo] デバッグ：>>>>>>>>>>>>>>>>>>>>>>>>>>>>>>>>>>>>>>>>>>>>>>>>>>>> 画面表示処理開始
[28-Mar-2020 06:37:31 Asia/Tokyo] デバッグ：セッションID：fjvma5f2e3g1iurdc2cdmgb59l
[28-Mar-2020 06:37:31 Asia/Tokyo] デバッグ：セッション変数の中身:Array
(
)

[28-Mar-2020 06:37:31 Asia/Tokyo] デバッグ：現在日時タイムスタンンプ1585345051
[28-Mar-2020 06:37:31 Asia/Tokyo] デバッグ：未ログインユーザーです。
[28-Mar-2020 06:37:31 Asia/Tokyo] デバッグ：POST送信があります。
[28-Mar-2020 06:37:31 Asia/Tokyo] デバッグ：$_POSTの中身：Array
(
    [email] => info@webukatu.com
    [pass] => 111111
)

[28-Mar-2020 06:37:31 Asia/Tokyo] デバッグ：画面表示処理終了 <<<<<<<<<<<<<<<<<<<<<<<<<<<<<<<<<<<<<<<<<<<<<<<<<
[28-Mar-2020 06:38:06 Asia/Tokyo] デバッグ：「「「「「「「「「「「「「「「「「「「「「「「「「「「「「「「「「「「「「「「「
[28-Mar-2020 06:38:06 Asia/Tokyo] デバッグ：「　ログインページ　
[28-Mar-2020 06:38:06 Asia/Tokyo] デバッグ：「「「「「「「「「「「「「「「「「「「「「「「「「「「「「「「「「「「「「「「「
[28-Mar-2020 06:38:06 Asia/Tokyo] デバッグ：>>>>>>>>>>>>>>>>>>>>>>>>>>>>>>>>>>>>>>>>>>>>>>>>>>>> 画面表示処理開始
[28-Mar-2020 06:38:06 Asia/Tokyo] デバッグ：セッションID：l2f0sn6jm1a7v32u3l78sjaqd8
[28-Mar-2020 06:38:06 Asia/Tokyo] デバッグ：セッション変数の中身:Array
(
)

[28-Mar-2020 06:38:06 Asia/Tokyo] デバッグ：現在日時タイムスタンンプ1585345086
[28-Mar-2020 06:38:06 Asia/Tokyo] デバッグ：未ログインユーザーです。
[28-Mar-2020 06:38:06 Asia/Tokyo] デバッグ：POST送信があります。
[28-Mar-2020 06:38:06 Asia/Tokyo] デバッグ：$_POSTの中身：Array
(
    [email] => info@webukatu.com
    [pass] => 111111
)

[28-Mar-2020 06:38:06 Asia/Tokyo] デバッグ：バリデーションチェックOK。
[28-Mar-2020 06:38:06 Asia/Tokyo] PHP Fatal error:  Uncaught Error: Undefined class constant 'MYSQL_ATTR_USE_BUFFERED__QUERY' in C:\xampp\htdocs\yamagatabi\function.php:129
Stack trace:
#0 C:\xampp\htdocs\yamagatabi\login.php(51): dbConnect()
#1 {main}
  thrown in C:\xampp\htdocs\yamagatabi\function.php on line 129
[28-Mar-2020 06:39:13 Asia/Tokyo] デバッグ：「「「「「「「「「「「「「「「「「「「「「「「「「「「「「「「「「「「「「「「「
[28-Mar-2020 06:39:13 Asia/Tokyo] デバッグ：「　ログインページ　
[28-Mar-2020 06:39:13 Asia/Tokyo] デバッグ：「「「「「「「「「「「「「「「「「「「「「「「「「「「「「「「「「「「「「「「「
[28-Mar-2020 06:39:13 Asia/Tokyo] デバッグ：>>>>>>>>>>>>>>>>>>>>>>>>>>>>>>>>>>>>>>>>>>>>>>>>>>>> 画面表示処理開始
[28-Mar-2020 06:39:13 Asia/Tokyo] デバッグ：セッションID：69q7httrrspormj2fcp1dious5
[28-Mar-2020 06:39:13 Asia/Tokyo] デバッグ：セッション変数の中身:Array
(
)

[28-Mar-2020 06:39:13 Asia/Tokyo] デバッグ：現在日時タイムスタンンプ1585345153
[28-Mar-2020 06:39:13 Asia/Tokyo] デバッグ：未ログインユーザーです。
[28-Mar-2020 06:39:13 Asia/Tokyo] デバッグ：POST送信があります。
[28-Mar-2020 06:39:13 Asia/Tokyo] デバッグ：$_POSTの中身：Array
(
    [email] => info@webukatu.com
    [pass] => 111111
)

[28-Mar-2020 06:39:13 Asia/Tokyo] デバッグ：バリデーションチェックOK。
[28-Mar-2020 06:39:13 Asia/Tokyo] エラー発生：SQLSTATE[42S02]: Base table or view not found: 1146 Table 'yamagatabi.user' doesn't exist
[28-Mar-2020 06:39:13 Asia/Tokyo] デバッグ：画面表示処理終了 <<<<<<<<<<<<<<<<<<<<<<<<<<<<<<<<<<<<<<<<<<<<<<<<<
[28-Mar-2020 06:39:41 Asia/Tokyo] デバッグ：「「「「「「「「「「「「「「「「「「「「「「「「「「「「「「「「「「「「「「「「
[28-Mar-2020 06:39:41 Asia/Tokyo] デバッグ：「　ログインページ　
[28-Mar-2020 06:39:41 Asia/Tokyo] デバッグ：「「「「「「「「「「「「「「「「「「「「「「「「「「「「「「「「「「「「「「「「
[28-Mar-2020 06:39:42 Asia/Tokyo] デバッグ：>>>>>>>>>>>>>>>>>>>>>>>>>>>>>>>>>>>>>>>>>>>>>>>>>>>> 画面表示処理開始
[28-Mar-2020 06:39:42 Asia/Tokyo] デバッグ：セッションID：opp88lrtsleiv5dbvsre966jtc
[28-Mar-2020 06:39:42 Asia/Tokyo] デバッグ：セッション変数の中身:Array
(
)

[28-Mar-2020 06:39:42 Asia/Tokyo] デバッグ：現在日時タイムスタンンプ1585345182
[28-Mar-2020 06:39:42 Asia/Tokyo] デバッグ：未ログインユーザーです。
[28-Mar-2020 06:39:42 Asia/Tokyo] デバッグ：POST送信があります。
[28-Mar-2020 06:39:42 Asia/Tokyo] デバッグ：$_POSTの中身：Array
(
    [email] => info@webukatu.com
    [pass] => 11111
)

[28-Mar-2020 06:39:42 Asia/Tokyo] デバッグ：画面表示処理終了 <<<<<<<<<<<<<<<<<<<<<<<<<<<<<<<<<<<<<<<<<<<<<<<<<
[28-Mar-2020 06:39:54 Asia/Tokyo] デバッグ：「「「「「「「「「「「「「「「「「「「「「「「「「「「「「「「「「「「「「「「「
[28-Mar-2020 06:39:54 Asia/Tokyo] デバッグ：「　ログインページ　
[28-Mar-2020 06:39:54 Asia/Tokyo] デバッグ：「「「「「「「「「「「「「「「「「「「「「「「「「「「「「「「「「「「「「「「「
[28-Mar-2020 06:39:54 Asia/Tokyo] デバッグ：>>>>>>>>>>>>>>>>>>>>>>>>>>>>>>>>>>>>>>>>>>>>>>>>>>>> 画面表示処理開始
[28-Mar-2020 06:39:54 Asia/Tokyo] デバッグ：セッションID：3cbgeab1oldidbhalomonih8oq
[28-Mar-2020 06:39:54 Asia/Tokyo] デバッグ：セッション変数の中身:Array
(
)

[28-Mar-2020 06:39:54 Asia/Tokyo] デバッグ：現在日時タイムスタンンプ1585345194
[28-Mar-2020 06:39:54 Asia/Tokyo] デバッグ：未ログインユーザーです。
[28-Mar-2020 06:39:54 Asia/Tokyo] デバッグ：POST送信があります。
[28-Mar-2020 06:39:54 Asia/Tokyo] デバッグ：$_POSTの中身：Array
(
    [email] => info@webukatu.com
    [pass] => 111111
)

[28-Mar-2020 06:39:54 Asia/Tokyo] デバッグ：バリデーションチェックOK。
[28-Mar-2020 06:39:54 Asia/Tokyo] エラー発生：SQLSTATE[42S02]: Base table or view not found: 1146 Table 'yamagatabi.user' doesn't exist
[28-Mar-2020 06:39:54 Asia/Tokyo] デバッグ：画面表示処理終了 <<<<<<<<<<<<<<<<<<<<<<<<<<<<<<<<<<<<<<<<<<<<<<<<<
[28-Mar-2020 06:42:20 Asia/Tokyo] デバッグ：「「「「「「「「「「「「「「「「「「「「「「「「「「「「「「「「「「「「「「「「
[28-Mar-2020 06:42:20 Asia/Tokyo] デバッグ：「　ログインページ　
[28-Mar-2020 06:42:20 Asia/Tokyo] デバッグ：「「「「「「「「「「「「「「「「「「「「「「「「「「「「「「「「「「「「「「「「
[28-Mar-2020 06:42:20 Asia/Tokyo] デバッグ：>>>>>>>>>>>>>>>>>>>>>>>>>>>>>>>>>>>>>>>>>>>>>>>>>>>> 画面表示処理開始
[28-Mar-2020 06:42:20 Asia/Tokyo] デバッグ：セッションID：qn5qmlqk6t3tadhd6fb25o6kor
[28-Mar-2020 06:42:20 Asia/Tokyo] デバッグ：セッション変数の中身:Array
(
)

[28-Mar-2020 06:42:20 Asia/Tokyo] デバッグ：現在日時タイムスタンンプ1585345340
[28-Mar-2020 06:42:20 Asia/Tokyo] デバッグ：未ログインユーザーです。
[28-Mar-2020 06:42:20 Asia/Tokyo] デバッグ：POST送信があります。
[28-Mar-2020 06:42:20 Asia/Tokyo] デバッグ：$_POSTの中身：Array
(
    [email] => info@webukatu.com
    [pass] => 111111
)

[28-Mar-2020 06:42:20 Asia/Tokyo] デバッグ：バリデーションチェックOK。
[28-Mar-2020 06:42:20 Asia/Tokyo] エラー発生：SQLSTATE[42S02]: Base table or view not found: 1146 Table 'yamagatabi.user' doesn't exist
[28-Mar-2020 06:42:20 Asia/Tokyo] デバッグ：画面表示処理終了 <<<<<<<<<<<<<<<<<<<<<<<<<<<<<<<<<<<<<<<<<<<<<<<<<
[28-Mar-2020 06:43:01 Asia/Tokyo] デバッグ：「「「「「「「「「「「「「「「「「「「「「「「「「「「「「「「「「「「「「「「「
[28-Mar-2020 06:43:01 Asia/Tokyo] デバッグ：「　ログインページ　
[28-Mar-2020 06:43:01 Asia/Tokyo] デバッグ：「「「「「「「「「「「「「「「「「「「「「「「「「「「「「「「「「「「「「「「「
[28-Mar-2020 06:43:01 Asia/Tokyo] デバッグ：>>>>>>>>>>>>>>>>>>>>>>>>>>>>>>>>>>>>>>>>>>>>>>>>>>>> 画面表示処理開始
[28-Mar-2020 06:43:01 Asia/Tokyo] デバッグ：セッションID：b3jq5anbtn80e58p1gt7v4im37
[28-Mar-2020 06:43:01 Asia/Tokyo] デバッグ：セッション変数の中身:Array
(
)

[28-Mar-2020 06:43:01 Asia/Tokyo] デバッグ：現在日時タイムスタンンプ1585345381
[28-Mar-2020 06:43:01 Asia/Tokyo] デバッグ：未ログインユーザーです。
[28-Mar-2020 06:43:01 Asia/Tokyo] デバッグ：POST送信があります。
[28-Mar-2020 06:43:01 Asia/Tokyo] デバッグ：$_POSTの中身：Array
(
    [email] => info@webukatu.com
    [pass] => 111111
)

[28-Mar-2020 06:43:01 Asia/Tokyo] デバッグ：バリデーションチェックOK。
[28-Mar-2020 06:43:01 Asia/Tokyo] エラー発生：SQLSTATE[42S02]: Base table or view not found: 1146 Table 'yamagatabi.user' doesn't exist
[28-Mar-2020 06:43:01 Asia/Tokyo] デバッグ：画面表示処理終了 <<<<<<<<<<<<<<<<<<<<<<<<<<<<<<<<<<<<<<<<<<<<<<<<<
[28-Mar-2020 06:44:00 Asia/Tokyo] デバッグ：「「「「「「「「「「「「「「「「「「「「「「「「「「「「「「「「「「「「「「「「
[28-Mar-2020 06:44:00 Asia/Tokyo] デバッグ：「　ログインページ　
[28-Mar-2020 06:44:00 Asia/Tokyo] デバッグ：「「「「「「「「「「「「「「「「「「「「「「「「「「「「「「「「「「「「「「「「
[28-Mar-2020 06:44:00 Asia/Tokyo] デバッグ：>>>>>>>>>>>>>>>>>>>>>>>>>>>>>>>>>>>>>>>>>>>>>>>>>>>> 画面表示処理開始
[28-Mar-2020 06:44:00 Asia/Tokyo] デバッグ：セッションID：ftf6di2s3g2p9oommdpcs6739o
[28-Mar-2020 06:44:00 Asia/Tokyo] デバッグ：セッション変数の中身:Array
(
)

[28-Mar-2020 06:44:00 Asia/Tokyo] デバッグ：現在日時タイムスタンンプ1585345440
[28-Mar-2020 06:44:00 Asia/Tokyo] デバッグ：未ログインユーザーです。
[28-Mar-2020 06:44:00 Asia/Tokyo] デバッグ：POST送信があります。
[28-Mar-2020 06:44:00 Asia/Tokyo] デバッグ：$_POSTの中身：Array
(
    [email] => info@webukatu.com
    [pass] => 111111
)

[28-Mar-2020 06:44:00 Asia/Tokyo] デバッグ：バリデーションチェックOK。
[28-Mar-2020 06:44:00 Asia/Tokyo] エラー発生：SQLSTATE[42S02]: Base table or view not found: 1146 Table 'yamagatabi.user' doesn't exist
[28-Mar-2020 06:44:00 Asia/Tokyo] デバッグ：画面表示処理終了 <<<<<<<<<<<<<<<<<<<<<<<<<<<<<<<<<<<<<<<<<<<<<<<<<
[28-Mar-2020 06:45:37 Asia/Tokyo] デバッグ：「「「「「「「「「「「「「「「「「「「「「「「「「「「「「「「「「「「「「「「「
[28-Mar-2020 06:45:37 Asia/Tokyo] デバッグ：「　ログインページ　
[28-Mar-2020 06:45:37 Asia/Tokyo] デバッグ：「「「「「「「「「「「「「「「「「「「「「「「「「「「「「「「「「「「「「「「「
[28-Mar-2020 06:45:37 Asia/Tokyo] デバッグ：>>>>>>>>>>>>>>>>>>>>>>>>>>>>>>>>>>>>>>>>>>>>>>>>>>>> 画面表示処理開始
[28-Mar-2020 06:45:37 Asia/Tokyo] デバッグ：セッションID：35sj79c5qoqpe5qtge66ogqvqv
[28-Mar-2020 06:45:37 Asia/Tokyo] デバッグ：セッション変数の中身:Array
(
)

[28-Mar-2020 06:45:37 Asia/Tokyo] デバッグ：現在日時タイムスタンンプ1585345537
[28-Mar-2020 06:45:37 Asia/Tokyo] デバッグ：未ログインユーザーです。
[28-Mar-2020 06:45:37 Asia/Tokyo] デバッグ：POST送信があります。
[28-Mar-2020 06:45:37 Asia/Tokyo] デバッグ：$_POSTの中身：Array
(
    [email] => info@webukatu.com
    [pass] => 111111
)

[28-Mar-2020 06:45:37 Asia/Tokyo] デバッグ：バリデーションチェックOK。
[28-Mar-2020 06:45:37 Asia/Tokyo] エラー発生：SQLSTATE[42S02]: Base table or view not found: 1146 Table 'yamagatabi.user' doesn't exist
[28-Mar-2020 06:45:37 Asia/Tokyo] デバッグ：画面表示処理終了 <<<<<<<<<<<<<<<<<<<<<<<<<<<<<<<<<<<<<<<<<<<<<<<<<
[28-Mar-2020 06:46:09 Asia/Tokyo] デバッグ：「「「「「「「「「「「「「「「「「「「「「「「「「「「「「「「「「「「「「「「「
[28-Mar-2020 06:46:09 Asia/Tokyo] デバッグ：「　ログインページ　
[28-Mar-2020 06:46:09 Asia/Tokyo] デバッグ：「「「「「「「「「「「「「「「「「「「「「「「「「「「「「「「「「「「「「「「「
[28-Mar-2020 06:46:09 Asia/Tokyo] デバッグ：>>>>>>>>>>>>>>>>>>>>>>>>>>>>>>>>>>>>>>>>>>>>>>>>>>>> 画面表示処理開始
[28-Mar-2020 06:46:09 Asia/Tokyo] デバッグ：セッションID：6tq8hk4h69ocfe8u6r2579jcbr
[28-Mar-2020 06:46:09 Asia/Tokyo] デバッグ：セッション変数の中身:Array
(
)

[28-Mar-2020 06:46:09 Asia/Tokyo] デバッグ：現在日時タイムスタンンプ1585345569
[28-Mar-2020 06:46:09 Asia/Tokyo] デバッグ：未ログインユーザーです。
[28-Mar-2020 06:46:09 Asia/Tokyo] デバッグ：POST送信があります。
[28-Mar-2020 06:46:09 Asia/Tokyo] デバッグ：$_POSTの中身：Array
(
    [email] => info@webukatu.com
    [pass] => 111111
)

[28-Mar-2020 06:46:09 Asia/Tokyo] デバッグ：バリデーションチェックOK。
[28-Mar-2020 06:46:09 Asia/Tokyo] エラー発生：SQLSTATE[42S02]: Base table or view not found: 1146 Table 'yamagatabi.user' doesn't exist
[28-Mar-2020 06:46:09 Asia/Tokyo] デバッグ：画面表示処理終了 <<<<<<<<<<<<<<<<<<<<<<<<<<<<<<<<<<<<<<<<<<<<<<<<<
[28-Mar-2020 06:46:20 Asia/Tokyo] デバッグ：「「「「「「「「「「「「「「「「「「「「「「「「「「「「「「「「「「「「「「「「
[28-Mar-2020 06:46:20 Asia/Tokyo] デバッグ：「　ログインページ　
[28-Mar-2020 06:46:20 Asia/Tokyo] デバッグ：「「「「「「「「「「「「「「「「「「「「「「「「「「「「「「「「「「「「「「「「
[28-Mar-2020 06:46:20 Asia/Tokyo] デバッグ：>>>>>>>>>>>>>>>>>>>>>>>>>>>>>>>>>>>>>>>>>>>>>>>>>>>> 画面表示処理開始
[28-Mar-2020 06:46:20 Asia/Tokyo] デバッグ：セッションID：paj3bvvg80pg6rkn7mqc97i8aq
[28-Mar-2020 06:46:20 Asia/Tokyo] デバッグ：セッション変数の中身:Array
(
)

[28-Mar-2020 06:46:20 Asia/Tokyo] デバッグ：現在日時タイムスタンンプ1585345580
[28-Mar-2020 06:46:20 Asia/Tokyo] デバッグ：未ログインユーザーです。
[28-Mar-2020 06:46:20 Asia/Tokyo] デバッグ：POST送信があります。
[28-Mar-2020 06:46:20 Asia/Tokyo] デバッグ：$_POSTの中身：Array
(
    [email] => info@webukatu.com
    [pass] => 111111
)

[28-Mar-2020 06:46:20 Asia/Tokyo] デバッグ：バリデーションチェックOK。
[28-Mar-2020 06:46:20 Asia/Tokyo] エラー発生：SQLSTATE[42S02]: Base table or view not found: 1146 Table 'yamagatabi.user' doesn't exist
[28-Mar-2020 06:46:20 Asia/Tokyo] デバッグ：画面表示処理終了 <<<<<<<<<<<<<<<<<<<<<<<<<<<<<<<<<<<<<<<<<<<<<<<<<
[28-Mar-2020 06:46:33 Asia/Tokyo] デバッグ：「「「「「「「「「「「「「「「「「「「「「「「「「「「「「「「「「「「「「「「「
[28-Mar-2020 06:46:33 Asia/Tokyo] デバッグ：「　ログインページ　
[28-Mar-2020 06:46:33 Asia/Tokyo] デバッグ：「「「「「「「「「「「「「「「「「「「「「「「「「「「「「「「「「「「「「「「「
[28-Mar-2020 06:46:33 Asia/Tokyo] デバッグ：>>>>>>>>>>>>>>>>>>>>>>>>>>>>>>>>>>>>>>>>>>>>>>>>>>>> 画面表示処理開始
[28-Mar-2020 06:46:33 Asia/Tokyo] デバッグ：セッションID：01qsdi7sumeoeblosrn6ebpd8c
[28-Mar-2020 06:46:33 Asia/Tokyo] デバッグ：セッション変数の中身:Array
(
)

[28-Mar-2020 06:46:33 Asia/Tokyo] デバッグ：現在日時タイムスタンンプ1585345593
[28-Mar-2020 06:46:33 Asia/Tokyo] デバッグ：未ログインユーザーです。
[28-Mar-2020 06:46:33 Asia/Tokyo] デバッグ：POST送信があります。
[28-Mar-2020 06:46:33 Asia/Tokyo] デバッグ：$_POSTの中身：Array
(
    [email] => info@webukatu.com
    [pass] => 111111
)

[28-Mar-2020 06:46:33 Asia/Tokyo] デバッグ：バリデーションチェックOK。
[28-Mar-2020 06:46:33 Asia/Tokyo] エラー発生：SQLSTATE[42S02]: Base table or view not found: 1146 Table 'yamagatabi.user' doesn't exist
[28-Mar-2020 06:46:33 Asia/Tokyo] デバッグ：画面表示処理終了 <<<<<<<<<<<<<<<<<<<<<<<<<<<<<<<<<<<<<<<<<<<<<<<<<
[28-Mar-2020 06:51:21 Asia/Tokyo] デバッグ：「「「「「「「「「「「「「「「「「「「「「「「「「「「「「「「「「「「「「「「「
[28-Mar-2020 06:51:21 Asia/Tokyo] デバッグ：「　ログインページ　
[28-Mar-2020 06:51:21 Asia/Tokyo] デバッグ：「「「「「「「「「「「「「「「「「「「「「「「「「「「「「「「「「「「「「「「「
[28-Mar-2020 06:51:21 Asia/Tokyo] デバッグ：>>>>>>>>>>>>>>>>>>>>>>>>>>>>>>>>>>>>>>>>>>>>>>>>>>>> 画面表示処理開始
[28-Mar-2020 06:51:21 Asia/Tokyo] デバッグ：セッションID：7vval8eh233i75eg75lmcutmo4
[28-Mar-2020 06:51:21 Asia/Tokyo] デバッグ：セッション変数の中身:Array
(
)

[28-Mar-2020 06:51:21 Asia/Tokyo] デバッグ：現在日時タイムスタンンプ1585345881
[28-Mar-2020 06:51:21 Asia/Tokyo] デバッグ：未ログインユーザーです。
[28-Mar-2020 06:51:21 Asia/Tokyo] デバッグ：POST送信があります。
[28-Mar-2020 06:51:21 Asia/Tokyo] デバッグ：$_POSTの中身：Array
(
    [email] => t02f447f@gmail.com
    [pass] => 111111
)

[28-Mar-2020 06:51:22 Asia/Tokyo] デバッグ：バリデーションチェックOK。
[28-Mar-2020 06:51:22 Asia/Tokyo] エラー発生：SQLSTATE[42S22]: Column not found: 1054 Unknown column 'id' in 'field list'
[28-Mar-2020 06:51:22 Asia/Tokyo] デバッグ：画面表示処理終了 <<<<<<<<<<<<<<<<<<<<<<<<<<<<<<<<<<<<<<<<<<<<<<<<<
[28-Mar-2020 06:59:47 Asia/Tokyo] デバッグ：「「「「「「「「「「「「「「「「「「「「「「「「「「「「「「「「「「「「「「「「
[28-Mar-2020 06:59:47 Asia/Tokyo] デバッグ：「　ログインページ　
[28-Mar-2020 06:59:47 Asia/Tokyo] デバッグ：「「「「「「「「「「「「「「「「「「「「「「「「「「「「「「「「「「「「「「「「
[28-Mar-2020 06:59:47 Asia/Tokyo] デバッグ：>>>>>>>>>>>>>>>>>>>>>>>>>>>>>>>>>>>>>>>>>>>>>>>>>>>> 画面表示処理開始
[28-Mar-2020 06:59:47 Asia/Tokyo] デバッグ：セッションID：b8tekvsu1fs6cahbknc2vke1fv
[28-Mar-2020 06:59:47 Asia/Tokyo] デバッグ：セッション変数の中身:Array
(
)

[28-Mar-2020 06:59:47 Asia/Tokyo] デバッグ：現在日時タイムスタンンプ1585346387
[28-Mar-2020 06:59:47 Asia/Tokyo] デバッグ：未ログインユーザーです。
[28-Mar-2020 06:59:47 Asia/Tokyo] デバッグ：POST送信があります。
[28-Mar-2020 06:59:47 Asia/Tokyo] デバッグ：$_POSTの中身：Array
(
    [email] => t02f447f@gmail.com
    [pass] => 111111
    [pass_save] => on
)

[28-Mar-2020 06:59:47 Asia/Tokyo] デバッグ：バリデーションチェックOK。
[28-Mar-2020 06:59:47 Asia/Tokyo] デバッグ：クエリに成功しました。
[28-Mar-2020 06:59:47 Asia/Tokyo] デバッグ：クエリ結果の中身：Array
(
    [pass] => 111111
    [id] => 1
)

[28-Mar-2020 06:59:47 Asia/Tokyo] デバッグ：パスワードがアンマッチです。
[28-Mar-2020 06:59:47 Asia/Tokyo] デバッグ：画面表示処理終了 <<<<<<<<<<<<<<<<<<<<<<<<<<<<<<<<<<<<<<<<<<<<<<<<<
[30-Mar-2020 04:31:50 Asia/Tokyo] デバッグ：「「「「「「「「「「「「「「「「「「「「「「「「「「「「「「「「「「「「「「「「
[30-Mar-2020 04:31:50 Asia/Tokyo] デバッグ：「　ログインページ　
[30-Mar-2020 04:31:50 Asia/Tokyo] デバッグ：「「「「「「「「「「「「「「「「「「「「「「「「「「「「「「「「「「「「「「「「
[30-Mar-2020 04:31:50 Asia/Tokyo] デバッグ：>>>>>>>>>>>>>>>>>>>>>>>>>>>>>>>>>>>>>>>>>>>>>>>>>>>> 画面表示処理開始
[30-Mar-2020 04:31:50 Asia/Tokyo] デバッグ：セッションID：84dud26p6a8b4jsgka90c9vd2c
[30-Mar-2020 04:31:50 Asia/Tokyo] デバッグ：セッション変数の中身:Array
(
)

[30-Mar-2020 04:31:50 Asia/Tokyo] デバッグ：現在日時タイムスタンンプ1585510310
[30-Mar-2020 04:31:50 Asia/Tokyo] デバッグ：未ログインユーザーです。
[30-Mar-2020 04:31:50 Asia/Tokyo] デバッグ：画面表示処理終了 <<<<<<<<<<<<<<<<<<<<<<<<<<<<<<<<<<<<<<<<<<<<<<<<<
[30-Mar-2020 04:41:36 Asia/Tokyo] デバッグ：「「「「「「「「「「「「「「「「「「「「「「「「「「「「「「「「「「「「「「「「
[30-Mar-2020 04:41:36 Asia/Tokyo] デバッグ：「　新規登録ページ　
[30-Mar-2020 04:41:36 Asia/Tokyo] デバッグ：「「「「「「「「「「「「「「「「「「「「「「「「「「「「「「「「「「「「「「「「
[30-Mar-2020 04:41:36 Asia/Tokyo] デバッグ：>>>>>>>>>>>>>>>>>>>>>>>>>>>>>>>>>>>>>>>>>>>>>>>>>>>> 画面表示処理開始
[30-Mar-2020 04:41:36 Asia/Tokyo] デバッグ：セッションID：fiqpa2o9rvkkqt2k2aogi5psop
[30-Mar-2020 04:41:36 Asia/Tokyo] デバッグ：セッション変数の中身:Array
(
)

[30-Mar-2020 04:41:36 Asia/Tokyo] デバッグ：現在日時タイムスタンンプ1585510896
[30-Mar-2020 04:41:36 Asia/Tokyo] デバッグ：ユーザー登録画面処理終了 <<<<<<<<<<<<<<<<<<<<<<<<<<<<<<<<<
[30-Mar-2020 04:42:10 Asia/Tokyo] デバッグ：「「「「「「「「「「「「「「「「「「「「「「「「「「「「「「「「「「「「「「「「
[30-Mar-2020 04:42:10 Asia/Tokyo] デバッグ：「　新規登録ページ　
[30-Mar-2020 04:42:10 Asia/Tokyo] デバッグ：「「「「「「「「「「「「「「「「「「「「「「「「「「「「「「「「「「「「「「「「
[30-Mar-2020 04:42:10 Asia/Tokyo] デバッグ：>>>>>>>>>>>>>>>>>>>>>>>>>>>>>>>>>>>>>>>>>>>>>>>>>>>> 画面表示処理開始
[30-Mar-2020 04:42:10 Asia/Tokyo] デバッグ：セッションID：hp8r5f5do1so44mo6vcm2iibfn
[30-Mar-2020 04:42:10 Asia/Tokyo] デバッグ：セッション変数の中身:Array
(
)

[30-Mar-2020 04:42:10 Asia/Tokyo] デバッグ：現在日時タイムスタンンプ1585510930
[30-Mar-2020 04:42:10 Asia/Tokyo] デバッグ：ユーザー登録画面処理終了 <<<<<<<<<<<<<<<<<<<<<<<<<<<<<<<<<
[30-Mar-2020 04:42:18 Asia/Tokyo] デバッグ：「「「「「「「「「「「「「「「「「「「「「「「「「「「「「「「「「「「「「「「「
[30-Mar-2020 04:42:18 Asia/Tokyo] デバッグ：「　新規登録ページ　
[30-Mar-2020 04:42:18 Asia/Tokyo] デバッグ：「「「「「「「「「「「「「「「「「「「「「「「「「「「「「「「「「「「「「「「「
[30-Mar-2020 04:42:18 Asia/Tokyo] デバッグ：>>>>>>>>>>>>>>>>>>>>>>>>>>>>>>>>>>>>>>>>>>>>>>>>>>>> 画面表示処理開始
[30-Mar-2020 04:42:18 Asia/Tokyo] デバッグ：セッションID：k5uch8gl6v98s9lp6tu74cchce
[30-Mar-2020 04:42:18 Asia/Tokyo] デバッグ：セッション変数の中身:Array
(
)

[30-Mar-2020 04:42:18 Asia/Tokyo] デバッグ：現在日時タイムスタンンプ1585510938
[30-Mar-2020 04:42:18 Asia/Tokyo] デバッグ：post送信があります。
[30-Mar-2020 04:42:18 Asia/Tokyo] デバッグ：ユーザー登録画面処理終了 <<<<<<<<<<<<<<<<<<<<<<<<<<<<<<<<<
[30-Mar-2020 04:42:47 Asia/Tokyo] デバッグ：「「「「「「「「「「「「「「「「「「「「「「「「「「「「「「「「「「「「「「「「
[30-Mar-2020 04:42:47 Asia/Tokyo] デバッグ：「　新規登録ページ　
[30-Mar-2020 04:42:47 Asia/Tokyo] デバッグ：「「「「「「「「「「「「「「「「「「「「「「「「「「「「「「「「「「「「「「「「
[30-Mar-2020 04:42:47 Asia/Tokyo] デバッグ：>>>>>>>>>>>>>>>>>>>>>>>>>>>>>>>>>>>>>>>>>>>>>>>>>>>> 画面表示処理開始
[30-Mar-2020 04:42:47 Asia/Tokyo] デバッグ：セッションID：6q3ntt0chkubma9cgafc6pt8cd
[30-Mar-2020 04:42:47 Asia/Tokyo] デバッグ：セッション変数の中身:Array
(
)

[30-Mar-2020 04:42:47 Asia/Tokyo] デバッグ：現在日時タイムスタンンプ1585510967
[30-Mar-2020 04:42:47 Asia/Tokyo] デバッグ：post送信があります。
[30-Mar-2020 04:42:47 Asia/Tokyo] デバッグ：ユーザー登録画面処理終了 <<<<<<<<<<<<<<<<<<<<<<<<<<<<<<<<<
[30-Mar-2020 04:42:50 Asia/Tokyo] デバッグ：「「「「「「「「「「「「「「「「「「「「「「「「「「「「「「「「「「「「「「「「
[30-Mar-2020 04:42:50 Asia/Tokyo] デバッグ：「　新規登録ページ　
[30-Mar-2020 04:42:50 Asia/Tokyo] デバッグ：「「「「「「「「「「「「「「「「「「「「「「「「「「「「「「「「「「「「「「「「
[30-Mar-2020 04:42:51 Asia/Tokyo] デバッグ：>>>>>>>>>>>>>>>>>>>>>>>>>>>>>>>>>>>>>>>>>>>>>>>>>>>> 画面表示処理開始
[30-Mar-2020 04:42:51 Asia/Tokyo] デバッグ：セッションID：32p4dctavc5bcs90ua4kh2lna0
[30-Mar-2020 04:42:51 Asia/Tokyo] デバッグ：セッション変数の中身:Array
(
)

[30-Mar-2020 04:42:51 Asia/Tokyo] デバッグ：現在日時タイムスタンンプ1585510971
[30-Mar-2020 04:42:51 Asia/Tokyo] デバッグ：post送信があります。
[30-Mar-2020 04:42:51 Asia/Tokyo] デバッグ：ユーザー登録画面処理終了 <<<<<<<<<<<<<<<<<<<<<<<<<<<<<<<<<
[30-Mar-2020 04:43:19 Asia/Tokyo] デバッグ：「「「「「「「「「「「「「「「「「「「「「「「「「「「「「「「「「「「「「「「「
[30-Mar-2020 04:43:19 Asia/Tokyo] デバッグ：「　新規登録ページ　
[30-Mar-2020 04:43:19 Asia/Tokyo] デバッグ：「「「「「「「「「「「「「「「「「「「「「「「「「「「「「「「「「「「「「「「「
[30-Mar-2020 04:43:19 Asia/Tokyo] デバッグ：>>>>>>>>>>>>>>>>>>>>>>>>>>>>>>>>>>>>>>>>>>>>>>>>>>>> 画面表示処理開始
[30-Mar-2020 04:43:19 Asia/Tokyo] デバッグ：セッションID：e50vht1nd0pud8t55sdhmjih2v
[30-Mar-2020 04:43:19 Asia/Tokyo] デバッグ：セッション変数の中身:Array
(
)

[30-Mar-2020 04:43:19 Asia/Tokyo] デバッグ：現在日時タイムスタンンプ1585510999
[30-Mar-2020 04:43:19 Asia/Tokyo] デバッグ：post送信があります。
[30-Mar-2020 04:43:19 Asia/Tokyo] デバッグ：ユーザー登録画面処理終了 <<<<<<<<<<<<<<<<<<<<<<<<<<<<<<<<<
[30-Mar-2020 04:45:42 Asia/Tokyo] デバッグ：「「「「「「「「「「「「「「「「「「「「「「「「「「「「「「「「「「「「「「「「
[30-Mar-2020 04:45:42 Asia/Tokyo] デバッグ：「　新規登録ページ　
[30-Mar-2020 04:45:43 Asia/Tokyo] デバッグ：「「「「「「「「「「「「「「「「「「「「「「「「「「「「「「「「「「「「「「「「
[30-Mar-2020 04:45:43 Asia/Tokyo] デバッグ：>>>>>>>>>>>>>>>>>>>>>>>>>>>>>>>>>>>>>>>>>>>>>>>>>>>> 画面表示処理開始
[30-Mar-2020 04:45:43 Asia/Tokyo] デバッグ：セッションID：61th0elc3fql910qvoj20hdn8u
[30-Mar-2020 04:45:43 Asia/Tokyo] デバッグ：セッション変数の中身:Array
(
)

[30-Mar-2020 04:45:43 Asia/Tokyo] デバッグ：現在日時タイムスタンンプ1585511143
[30-Mar-2020 04:45:43 Asia/Tokyo] デバッグ：post送信があります。
[30-Mar-2020 04:45:43 Asia/Tokyo] デバッグ：ユーザー登録画面処理終了 <<<<<<<<<<<<<<<<<<<<<<<<<<<<<<<<<
[30-Mar-2020 04:45:58 Asia/Tokyo] デバッグ：「「「「「「「「「「「「「「「「「「「「「「「「「「「「「「「「「「「「「「「「
[30-Mar-2020 04:45:58 Asia/Tokyo] デバッグ：「　新規登録ページ　
[30-Mar-2020 04:45:58 Asia/Tokyo] デバッグ：「「「「「「「「「「「「「「「「「「「「「「「「「「「「「「「「「「「「「「「「
[30-Mar-2020 04:45:58 Asia/Tokyo] デバッグ：>>>>>>>>>>>>>>>>>>>>>>>>>>>>>>>>>>>>>>>>>>>>>>>>>>>> 画面表示処理開始
[30-Mar-2020 04:45:58 Asia/Tokyo] デバッグ：セッションID：3cab7r23tlrn6ol8397ndmlnqr
[30-Mar-2020 04:45:58 Asia/Tokyo] デバッグ：セッション変数の中身:Array
(
)

[30-Mar-2020 04:45:58 Asia/Tokyo] デバッグ：現在日時タイムスタンンプ1585511158
[30-Mar-2020 04:45:58 Asia/Tokyo] デバッグ：post送信があります。
[30-Mar-2020 04:45:58 Asia/Tokyo] デバッグ：ユーザー登録画面処理終了 <<<<<<<<<<<<<<<<<<<<<<<<<<<<<<<<<
[30-Mar-2020 04:46:13 Asia/Tokyo] デバッグ：「「「「「「「「「「「「「「「「「「「「「「「「「「「「「「「「「「「「「「「「
[30-Mar-2020 04:46:13 Asia/Tokyo] デバッグ：「　新規登録ページ　
[30-Mar-2020 04:46:13 Asia/Tokyo] デバッグ：「「「「「「「「「「「「「「「「「「「「「「「「「「「「「「「「「「「「「「「「
[30-Mar-2020 04:46:13 Asia/Tokyo] デバッグ：>>>>>>>>>>>>>>>>>>>>>>>>>>>>>>>>>>>>>>>>>>>>>>>>>>>> 画面表示処理開始
[30-Mar-2020 04:46:13 Asia/Tokyo] デバッグ：セッションID：qrig36lvomk273vb8pj9hf2ohn
[30-Mar-2020 04:46:13 Asia/Tokyo] デバッグ：セッション変数の中身:Array
(
)

[30-Mar-2020 04:46:13 Asia/Tokyo] デバッグ：現在日時タイムスタンンプ1585511173
[30-Mar-2020 04:46:13 Asia/Tokyo] デバッグ：post送信があります。
[30-Mar-2020 04:46:13 Asia/Tokyo] デバッグ：クエリに成功しました。
[30-Mar-2020 04:46:13 Asia/Tokyo] デバッグ：email重複チェック$resultの値：Array
(
    [count(*)] => 0
)

[30-Mar-2020 04:46:13 Asia/Tokyo] デバッグ：emailの重複はありません。
[30-Mar-2020 04:46:13 Asia/Tokyo] デバッグ：ユーザー登録画面処理終了 <<<<<<<<<<<<<<<<<<<<<<<<<<<<<<<<<
[30-Mar-2020 04:46:34 Asia/Tokyo] デバッグ：「「「「「「「「「「「「「「「「「「「「「「「「「「「「「「「「「「「「「「「「
[30-Mar-2020 04:46:34 Asia/Tokyo] デバッグ：「　新規登録ページ　
[30-Mar-2020 04:46:34 Asia/Tokyo] デバッグ：「「「「「「「「「「「「「「「「「「「「「「「「「「「「「「「「「「「「「「「「
[30-Mar-2020 04:46:34 Asia/Tokyo] デバッグ：>>>>>>>>>>>>>>>>>>>>>>>>>>>>>>>>>>>>>>>>>>>>>>>>>>>> 画面表示処理開始
[30-Mar-2020 04:46:34 Asia/Tokyo] デバッグ：セッションID：9b2h7001s2nd5lemt23utcl3bj
[30-Mar-2020 04:46:34 Asia/Tokyo] デバッグ：セッション変数の中身:Array
(
)

[30-Mar-2020 04:46:34 Asia/Tokyo] デバッグ：現在日時タイムスタンンプ1585511194
[30-Mar-2020 04:46:34 Asia/Tokyo] デバッグ：post送信があります。
[30-Mar-2020 04:46:34 Asia/Tokyo] デバッグ：クエリに成功しました。
[30-Mar-2020 04:46:34 Asia/Tokyo] デバッグ：email重複チェック$resultの値：Array
(
    [count(*)] => 0
)

[30-Mar-2020 04:46:34 Asia/Tokyo] デバッグ：emailの重複はありません。
[30-Mar-2020 04:46:34 Asia/Tokyo] デバッグ：ユーザー登録画面処理終了 <<<<<<<<<<<<<<<<<<<<<<<<<<<<<<<<<
[30-Mar-2020 04:46:40 Asia/Tokyo] デバッグ：「「「「「「「「「「「「「「「「「「「「「「「「「「「「「「「「「「「「「「「「
[30-Mar-2020 04:46:40 Asia/Tokyo] デバッグ：「　新規登録ページ　
[30-Mar-2020 04:46:40 Asia/Tokyo] デバッグ：「「「「「「「「「「「「「「「「「「「「「「「「「「「「「「「「「「「「「「「「
[30-Mar-2020 04:46:40 Asia/Tokyo] デバッグ：>>>>>>>>>>>>>>>>>>>>>>>>>>>>>>>>>>>>>>>>>>>>>>>>>>>> 画面表示処理開始
[30-Mar-2020 04:46:40 Asia/Tokyo] デバッグ：セッションID：snau3rvko590i3o0ua80llgbl8
[30-Mar-2020 04:46:40 Asia/Tokyo] デバッグ：セッション変数の中身:Array
(
)

[30-Mar-2020 04:46:40 Asia/Tokyo] デバッグ：現在日時タイムスタンンプ1585511200
[30-Mar-2020 04:46:40 Asia/Tokyo] デバッグ：post送信があります。
[30-Mar-2020 04:46:40 Asia/Tokyo] デバッグ：クエリに成功しました。
[30-Mar-2020 04:46:40 Asia/Tokyo] デバッグ：email重複チェック$resultの値：Array
(
    [count(*)] => 0
)

[30-Mar-2020 04:46:40 Asia/Tokyo] デバッグ：emailの重複はありません。
[30-Mar-2020 04:46:40 Asia/Tokyo] デバッグ：ユーザー登録画面処理終了 <<<<<<<<<<<<<<<<<<<<<<<<<<<<<<<<<
[30-Mar-2020 04:47:22 Asia/Tokyo] デバッグ：「「「「「「「「「「「「「「「「「「「「「「「「「「「「「「「「「「「「「「「「
[30-Mar-2020 04:47:22 Asia/Tokyo] デバッグ：「　新規登録ページ　
[30-Mar-2020 04:47:22 Asia/Tokyo] デバッグ：「「「「「「「「「「「「「「「「「「「「「「「「「「「「「「「「「「「「「「「「
[30-Mar-2020 04:47:22 Asia/Tokyo] デバッグ：>>>>>>>>>>>>>>>>>>>>>>>>>>>>>>>>>>>>>>>>>>>>>>>>>>>> 画面表示処理開始
[30-Mar-2020 04:47:22 Asia/Tokyo] デバッグ：セッションID：v8cq21iee818ulmfk3h29e04rf
[30-Mar-2020 04:47:22 Asia/Tokyo] デバッグ：セッション変数の中身:Array
(
)

[30-Mar-2020 04:47:22 Asia/Tokyo] デバッグ：現在日時タイムスタンンプ1585511242
[30-Mar-2020 04:47:22 Asia/Tokyo] デバッグ：post送信があります。
[30-Mar-2020 04:47:22 Asia/Tokyo] デバッグ：クエリに成功しました。
[30-Mar-2020 04:47:22 Asia/Tokyo] デバッグ：email重複チェック$resultの値：Array
(
    [count(*)] => 0
)

[30-Mar-2020 04:47:22 Asia/Tokyo] デバッグ：emailの重複はありません。
[30-Mar-2020 04:47:22 Asia/Tokyo] デバッグ：ユーザー登録画面処理終了 <<<<<<<<<<<<<<<<<<<<<<<<<<<<<<<<<
[30-Mar-2020 04:47:33 Asia/Tokyo] デバッグ：「「「「「「「「「「「「「「「「「「「「「「「「「「「「「「「「「「「「「「「「
[30-Mar-2020 04:47:33 Asia/Tokyo] デバッグ：「　新規登録ページ　
[30-Mar-2020 04:47:33 Asia/Tokyo] デバッグ：「「「「「「「「「「「「「「「「「「「「「「「「「「「「「「「「「「「「「「「「
[30-Mar-2020 04:47:33 Asia/Tokyo] デバッグ：>>>>>>>>>>>>>>>>>>>>>>>>>>>>>>>>>>>>>>>>>>>>>>>>>>>> 画面表示処理開始
[30-Mar-2020 04:47:33 Asia/Tokyo] デバッグ：セッションID：olo609ummp6r18i0g5vhqte9c3
[30-Mar-2020 04:47:33 Asia/Tokyo] デバッグ：セッション変数の中身:Array
(
)

[30-Mar-2020 04:47:33 Asia/Tokyo] デバッグ：現在日時タイムスタンンプ1585511253
[30-Mar-2020 04:47:33 Asia/Tokyo] デバッグ：post送信があります。
[30-Mar-2020 04:47:33 Asia/Tokyo] デバッグ：クエリに成功しました。
[30-Mar-2020 04:47:33 Asia/Tokyo] デバッグ：email重複チェック$resultの値：Array
(
    [count(*)] => 0
)

[30-Mar-2020 04:47:33 Asia/Tokyo] デバッグ：emailの重複はありません。
[30-Mar-2020 04:47:33 Asia/Tokyo] デバッグ：ユーザー登録画面処理終了 <<<<<<<<<<<<<<<<<<<<<<<<<<<<<<<<<
[30-Mar-2020 04:47:50 Asia/Tokyo] デバッグ：「「「「「「「「「「「「「「「「「「「「「「「「「「「「「「「「「「「「「「「「
[30-Mar-2020 04:47:50 Asia/Tokyo] デバッグ：「　新規登録ページ　
[30-Mar-2020 04:47:50 Asia/Tokyo] デバッグ：「「「「「「「「「「「「「「「「「「「「「「「「「「「「「「「「「「「「「「「「
[30-Mar-2020 04:47:50 Asia/Tokyo] デバッグ：>>>>>>>>>>>>>>>>>>>>>>>>>>>>>>>>>>>>>>>>>>>>>>>>>>>> 画面表示処理開始
[30-Mar-2020 04:47:50 Asia/Tokyo] デバッグ：セッションID：39clref4k632j42tft2h5c04ea
[30-Mar-2020 04:47:50 Asia/Tokyo] デバッグ：セッション変数の中身:Array
(
)

[30-Mar-2020 04:47:50 Asia/Tokyo] デバッグ：現在日時タイムスタンンプ1585511270
[30-Mar-2020 04:47:50 Asia/Tokyo] デバッグ：post送信があります。
[30-Mar-2020 04:47:50 Asia/Tokyo] デバッグ：クエリに成功しました。
[30-Mar-2020 04:47:50 Asia/Tokyo] デバッグ：email重複チェック$resultの値：Array
(
    [count(*)] => 0
)

[30-Mar-2020 04:47:50 Asia/Tokyo] デバッグ：emailの重複はありません。
[30-Mar-2020 04:47:50 Asia/Tokyo] デバッグ：ユーザー登録画面処理終了 <<<<<<<<<<<<<<<<<<<<<<<<<<<<<<<<<
[30-Mar-2020 04:47:55 Asia/Tokyo] デバッグ：「「「「「「「「「「「「「「「「「「「「「「「「「「「「「「「「「「「「「「「「
[30-Mar-2020 04:47:55 Asia/Tokyo] デバッグ：「　新規登録ページ　
[30-Mar-2020 04:47:55 Asia/Tokyo] デバッグ：「「「「「「「「「「「「「「「「「「「「「「「「「「「「「「「「「「「「「「「「
[30-Mar-2020 04:47:55 Asia/Tokyo] デバッグ：>>>>>>>>>>>>>>>>>>>>>>>>>>>>>>>>>>>>>>>>>>>>>>>>>>>> 画面表示処理開始
[30-Mar-2020 04:47:55 Asia/Tokyo] デバッグ：セッションID：66qrkfhj3dhdgklagrhvo6enud
[30-Mar-2020 04:47:55 Asia/Tokyo] デバッグ：セッション変数の中身:Array
(
)

[30-Mar-2020 04:47:55 Asia/Tokyo] デバッグ：現在日時タイムスタンンプ1585511275
[30-Mar-2020 04:47:55 Asia/Tokyo] デバッグ：post送信があります。
[30-Mar-2020 04:47:55 Asia/Tokyo] デバッグ：ユーザー登録画面処理終了 <<<<<<<<<<<<<<<<<<<<<<<<<<<<<<<<<
[30-Mar-2020 04:48:05 Asia/Tokyo] デバッグ：「「「「「「「「「「「「「「「「「「「「「「「「「「「「「「「「「「「「「「「「
[30-Mar-2020 04:48:05 Asia/Tokyo] デバッグ：「　新規登録ページ　
[30-Mar-2020 04:48:05 Asia/Tokyo] デバッグ：「「「「「「「「「「「「「「「「「「「「「「「「「「「「「「「「「「「「「「「「
[30-Mar-2020 04:48:05 Asia/Tokyo] デバッグ：>>>>>>>>>>>>>>>>>>>>>>>>>>>>>>>>>>>>>>>>>>>>>>>>>>>> 画面表示処理開始
[30-Mar-2020 04:48:05 Asia/Tokyo] デバッグ：セッションID：oi08r3bjitecvke00govis4k7f
[30-Mar-2020 04:48:05 Asia/Tokyo] デバッグ：セッション変数の中身:Array
(
)

[30-Mar-2020 04:48:05 Asia/Tokyo] デバッグ：現在日時タイムスタンンプ1585511285
[30-Mar-2020 04:48:05 Asia/Tokyo] デバッグ：post送信があります。
[30-Mar-2020 04:48:05 Asia/Tokyo] デバッグ：クエリに成功しました。
[30-Mar-2020 04:48:05 Asia/Tokyo] デバッグ：email重複チェック$resultの値：Array
(
    [count(*)] => 0
)

[30-Mar-2020 04:48:05 Asia/Tokyo] デバッグ：emailの重複はありません。
[30-Mar-2020 04:48:05 Asia/Tokyo] デバッグ：バリデーションチェックOK。
[30-Mar-2020 04:48:05 Asia/Tokyo] PHP Fatal error:  Uncaught Error: Call to a member function prepare() on array in C:\xampp\htdocs\yamagatabi\function.php:175
Stack trace:
#0 C:\xampp\htdocs\yamagatabi\signup.php(61): queryPost(Array, 'INSERT INTO use...', Array)
#1 {main}
  thrown in C:\xampp\htdocs\yamagatabi\function.php on line 175
[30-Mar-2020 04:51:43 Asia/Tokyo] デバッグ：「「「「「「「「「「「「「「「「「「「「「「「「「「「「「「「「「「「「「「「「
[30-Mar-2020 04:51:43 Asia/Tokyo] デバッグ：「　新規登録ページ　
[30-Mar-2020 04:51:43 Asia/Tokyo] デバッグ：「「「「「「「「「「「「「「「「「「「「「「「「「「「「「「「「「「「「「「「「
[30-Mar-2020 04:51:43 Asia/Tokyo] デバッグ：>>>>>>>>>>>>>>>>>>>>>>>>>>>>>>>>>>>>>>>>>>>>>>>>>>>> 画面表示処理開始
[30-Mar-2020 04:51:43 Asia/Tokyo] デバッグ：セッションID：vmgap4agv756n1734lk7hgerqm
[30-Mar-2020 04:51:43 Asia/Tokyo] デバッグ：セッション変数の中身:Array
(
)

[30-Mar-2020 04:51:43 Asia/Tokyo] デバッグ：現在日時タイムスタンンプ1585511503
[30-Mar-2020 04:51:43 Asia/Tokyo] デバッグ：post送信があります。
[30-Mar-2020 04:51:43 Asia/Tokyo] デバッグ：クエリに成功しました。
[30-Mar-2020 04:51:43 Asia/Tokyo] デバッグ：email重複チェック$resultの値：Array
(
    [count(*)] => 0
)

[30-Mar-2020 04:51:43 Asia/Tokyo] デバッグ：emailの重複はありません。
[30-Mar-2020 04:51:43 Asia/Tokyo] デバッグ：バリデーションチェックOK。
[30-Mar-2020 04:51:44 Asia/Tokyo] デバッグ：クエリに成功しました。
[30-Mar-2020 04:51:44 Asia/Tokyo] デバッグ：登録したセッション変数の中身：Array
(
    [login_date] => 1585511504
    [login_limit] => 3600
    [user_id] => 1
)

[30-Mar-2020 04:51:44 Asia/Tokyo] デバッグ：ユーザー登録完了 <<<<<<<<<<<<<<<<<
[30-Mar-2020 04:52:08 Asia/Tokyo] デバッグ：「「「「「「「「「「「「「「「「「「「「「「「「「「「「「「「「「「「「「「「「
[30-Mar-2020 04:52:08 Asia/Tokyo] デバッグ：「　新規登録ページ　
[30-Mar-2020 04:52:08 Asia/Tokyo] デバッグ：「「「「「「「「「「「「「「「「「「「「「「「「「「「「「「「「「「「「「「「「
[30-Mar-2020 04:52:08 Asia/Tokyo] デバッグ：>>>>>>>>>>>>>>>>>>>>>>>>>>>>>>>>>>>>>>>>>>>>>>>>>>>> 画面表示処理開始
[30-Mar-2020 04:52:08 Asia/Tokyo] デバッグ：セッションID：gpg4tjkqiheo354qd56pkp8m0e
[30-Mar-2020 04:52:08 Asia/Tokyo] デバッグ：セッション変数の中身:Array
(
    [login_date] => 1585511504
    [login_limit] => 3600
    [user_id] => 1
)

[30-Mar-2020 04:52:08 Asia/Tokyo] デバッグ：現在日時タイムスタンンプ1585511528
[30-Mar-2020 04:52:08 Asia/Tokyo] デバッグ：ログイン期限日時スタンプ：1585515104
[30-Mar-2020 04:52:08 Asia/Tokyo] デバッグ：ユーザー登録画面処理終了 <<<<<<<<<<<<<<<<<<<<<<<<<<<<<<<<<
[30-Mar-2020 04:52:50 Asia/Tokyo] デバッグ：「「「「「「「「「「「「「「「「「「「「「「「「「「「「「「「「「「「「「「「「
[30-Mar-2020 04:52:50 Asia/Tokyo] デバッグ：「　ログインページ　
[30-Mar-2020 04:52:50 Asia/Tokyo] デバッグ：「「「「「「「「「「「「「「「「「「「「「「「「「「「「「「「「「「「「「「「「
[30-Mar-2020 04:52:50 Asia/Tokyo] デバッグ：>>>>>>>>>>>>>>>>>>>>>>>>>>>>>>>>>>>>>>>>>>>>>>>>>>>> 画面表示処理開始
[30-Mar-2020 04:52:50 Asia/Tokyo] デバッグ：セッションID：n0g320s285sge2ofignmd1cn6f
[30-Mar-2020 04:52:50 Asia/Tokyo] デバッグ：セッション変数の中身:Array
(
    [login_date] => 1585511504
    [login_limit] => 3600
    [user_id] => 1
)

[30-Mar-2020 04:52:51 Asia/Tokyo] デバッグ：現在日時タイムスタンンプ1585511570
[30-Mar-2020 04:52:51 Asia/Tokyo] デバッグ：ログイン期限日時スタンプ：1585515104
[30-Mar-2020 04:52:51 Asia/Tokyo] デバッグ：ログイン済みユーザーです。
[30-Mar-2020 04:52:51 Asia/Tokyo] デバッグ：ログイン有効期限以内です。
[30-Mar-2020 04:52:51 Asia/Tokyo] PHP Warning:  date() expects at least 1 parameter, 0 given in C:\xampp\htdocs\yamagatabi\auth.php on line 23
[30-Mar-2020 04:52:51 Asia/Tokyo] デバッグ：マイぺージへ遷移します。
[30-Mar-2020 04:53:08 Asia/Tokyo] デバッグ：「「「「「「「「「「「「「「「「「「「「「「「「「「「「「「「「「「「「「「「「
[30-Mar-2020 04:53:08 Asia/Tokyo] デバッグ：「　ログインページ　
[30-Mar-2020 04:53:08 Asia/Tokyo] デバッグ：「「「「「「「「「「「「「「「「「「「「「「「「「「「「「「「「「「「「「「「「
[30-Mar-2020 04:53:08 Asia/Tokyo] デバッグ：>>>>>>>>>>>>>>>>>>>>>>>>>>>>>>>>>>>>>>>>>>>>>>>>>>>> 画面表示処理開始
[30-Mar-2020 04:53:08 Asia/Tokyo] デバッグ：セッションID：063knvh0u464t3ddc4rndsmctd
[30-Mar-2020 04:53:08 Asia/Tokyo] デバッグ：セッション変数の中身:Array
(
)

[30-Mar-2020 04:53:08 Asia/Tokyo] デバッグ：現在日時タイムスタンンプ1585511588
[30-Mar-2020 04:53:08 Asia/Tokyo] デバッグ：未ログインユーザーです。
[30-Mar-2020 04:53:08 Asia/Tokyo] デバッグ：画面表示処理終了 <<<<<<<<<<<<<<<<<<<<<<<<<<<<<<<<<<<<<<<<<<<<<<<<<
[30-Mar-2020 04:53:22 Asia/Tokyo] デバッグ：「「「「「「「「「「「「「「「「「「「「「「「「「「「「「「「「「「「「「「「「
[30-Mar-2020 04:53:22 Asia/Tokyo] デバッグ：「　ログインページ　
[30-Mar-2020 04:53:22 Asia/Tokyo] デバッグ：「「「「「「「「「「「「「「「「「「「「「「「「「「「「「「「「「「「「「「「「
[30-Mar-2020 04:53:22 Asia/Tokyo] デバッグ：>>>>>>>>>>>>>>>>>>>>>>>>>>>>>>>>>>>>>>>>>>>>>>>>>>>> 画面表示処理開始
[30-Mar-2020 04:53:22 Asia/Tokyo] デバッグ：セッションID：3ug5d2gan3oo5ibqulbmrh8ehe
[30-Mar-2020 04:53:22 Asia/Tokyo] デバッグ：セッション変数の中身:Array
(
)

[30-Mar-2020 04:53:22 Asia/Tokyo] デバッグ：現在日時タイムスタンンプ1585511602
[30-Mar-2020 04:53:22 Asia/Tokyo] デバッグ：未ログインユーザーです。
[30-Mar-2020 04:53:22 Asia/Tokyo] デバッグ：POST送信があります。
[30-Mar-2020 04:53:22 Asia/Tokyo] デバッグ：$_POSTの中身：Array
(
    [email] => t02f447f@gmail.com
    [pass] => 111111
    [pass_save] => on
)

[30-Mar-2020 04:53:22 Asia/Tokyo] デバッグ：バリデーションチェックOK。
[30-Mar-2020 04:53:22 Asia/Tokyo] デバッグ：クエリに成功しました。
[30-Mar-2020 04:53:22 Asia/Tokyo] デバッグ：クエリ結果の中身：Array
(
    [pass] => $2y$10$BMgduUdPR5keOEf8k7BkIOgM5VD4ST6Px7Ix0rv1MknrdD1Od5jd2
    [id] => 1
)

[30-Mar-2020 04:53:23 Asia/Tokyo] デバッグ：パスワードがマッチしました。
[30-Mar-2020 04:53:23 Asia/Tokyo] PHP Warning:  date() expects at least 1 parameter, 0 given in C:\xampp\htdocs\yamagatabi\login.php on line 70
[30-Mar-2020 04:53:23 Asia/Tokyo] デバッグ：ログイン保持にチェックがあります。
[30-Mar-2020 04:53:23 Asia/Tokyo] デバッグ：セッション変数の中身：Array
(
    [login_date] => 
    [login_limit] => 2592000
    [user_id] => 1
)

[30-Mar-2020 04:53:23 Asia/Tokyo] デバッグ：マイページへ遷移します。
[30-Mar-2020 04:53:23 Asia/Tokyo] デバッグ：画面表示処理終了 <<<<<<<<<<<<<<<<<<<<<<<<<<<<<<<<<<<<<<<<<<<<<<<<<
[30-Mar-2020 04:57:58 Asia/Tokyo] デバッグ：「「「「「「「「「「「「「「「「「「「「「「「「「「「「「「「「「「「「「「「「
[30-Mar-2020 04:57:58 Asia/Tokyo] デバッグ：「　ログインページ　
[30-Mar-2020 04:57:58 Asia/Tokyo] デバッグ：「「「「「「「「「「「「「「「「「「「「「「「「「「「「「「「「「「「「「「「「
[30-Mar-2020 04:57:58 Asia/Tokyo] デバッグ：>>>>>>>>>>>>>>>>>>>>>>>>>>>>>>>>>>>>>>>>>>>>>>>>>>>> 画面表示処理開始
[30-Mar-2020 04:57:58 Asia/Tokyo] デバッグ：セッションID：u59bc4ulnq4qslp2ac5pq4cndk
[30-Mar-2020 04:57:58 Asia/Tokyo] デバッグ：セッション変数の中身:Array
(
    [login_date] => 
    [login_limit] => 2592000
    [user_id] => 1
)

[30-Mar-2020 04:57:58 Asia/Tokyo] デバッグ：現在日時タイムスタンンプ1585511878
[30-Mar-2020 04:57:58 Asia/Tokyo] デバッグ：未ログインユーザーです。
[30-Mar-2020 04:57:58 Asia/Tokyo] デバッグ：画面表示処理終了 <<<<<<<<<<<<<<<<<<<<<<<<<<<<<<<<<<<<<<<<<<<<<<<<<
[30-Mar-2020 04:58:07 Asia/Tokyo] デバッグ：「「「「「「「「「「「「「「「「「「「「「「「「「「「「「「「「「「「「「「「「
[30-Mar-2020 04:58:07 Asia/Tokyo] デバッグ：「　ログインページ　
[30-Mar-2020 04:58:07 Asia/Tokyo] デバッグ：「「「「「「「「「「「「「「「「「「「「「「「「「「「「「「「「「「「「「「「「
[30-Mar-2020 04:58:07 Asia/Tokyo] デバッグ：>>>>>>>>>>>>>>>>>>>>>>>>>>>>>>>>>>>>>>>>>>>>>>>>>>>> 画面表示処理開始
[30-Mar-2020 04:58:07 Asia/Tokyo] デバッグ：セッションID：vep4q4vs2oj493mj3vggco1m3j
[30-Mar-2020 04:58:07 Asia/Tokyo] デバッグ：セッション変数の中身:Array
(
    [login_date] => 
    [login_limit] => 2592000
    [user_id] => 1
)

[30-Mar-2020 04:58:07 Asia/Tokyo] デバッグ：現在日時タイムスタンンプ1585511887
[30-Mar-2020 04:58:07 Asia/Tokyo] デバッグ：未ログインユーザーです。
[30-Mar-2020 04:58:07 Asia/Tokyo] デバッグ：POST送信があります。
[30-Mar-2020 04:58:07 Asia/Tokyo] デバッグ：$_POSTの中身：Array
(
    [email] => t02f447f@gmail.com
    [pass] => 111111
    [pass_save] => on
)

[30-Mar-2020 04:58:07 Asia/Tokyo] デバッグ：バリデーションチェックOK。
[30-Mar-2020 04:58:07 Asia/Tokyo] デバッグ：クエリに成功しました。
[30-Mar-2020 04:58:07 Asia/Tokyo] デバッグ：クエリ結果の中身：Array
(
    [pass] => $2y$10$BMgduUdPR5keOEf8k7BkIOgM5VD4ST6Px7Ix0rv1MknrdD1Od5jd2
    [id] => 1
)

[30-Mar-2020 04:58:07 Asia/Tokyo] デバッグ：パスワードがマッチしました。
[30-Mar-2020 04:58:07 Asia/Tokyo] デバッグ：ログイン保持にチェックがあります。
[30-Mar-2020 04:58:07 Asia/Tokyo] デバッグ：セッション変数の中身：Array
(
    [login_date] => 2020-03-30 04:58:07
    [login_limit] => 2592000
    [user_id] => 1
)

[30-Mar-2020 04:58:07 Asia/Tokyo] デバッグ：マイページへ遷移します。
[30-Mar-2020 04:58:07 Asia/Tokyo] デバッグ：画面表示処理終了 <<<<<<<<<<<<<<<<<<<<<<<<<<<<<<<<<<<<<<<<<<<<<<<<<
[30-Mar-2020 04:58:44 Asia/Tokyo] デバッグ：「「「「「「「「「「「「「「「「「「「「「「「「「「「「「「「「「「「「「「「「
[30-Mar-2020 04:58:44 Asia/Tokyo] デバッグ：「　ログインページ　
[30-Mar-2020 04:58:44 Asia/Tokyo] デバッグ：「「「「「「「「「「「「「「「「「「「「「「「「「「「「「「「「「「「「「「「「
[30-Mar-2020 04:58:44 Asia/Tokyo] デバッグ：>>>>>>>>>>>>>>>>>>>>>>>>>>>>>>>>>>>>>>>>>>>>>>>>>>>> 画面表示処理開始
[30-Mar-2020 04:58:44 Asia/Tokyo] デバッグ：セッションID：1gn74am21nr6bjat3l977d94t6
[30-Mar-2020 04:58:44 Asia/Tokyo] デバッグ：セッション変数の中身:Array
(
    [login_date] => 2020-03-30 04:58:07
    [login_limit] => 2592000
    [user_id] => 1
)

[30-Mar-2020 04:58:44 Asia/Tokyo] デバッグ：現在日時タイムスタンンプ1585511924
[30-Mar-2020 04:58:44 Asia/Tokyo] PHP Notice:  A non well formed numeric value encountered in C:\xampp\htdocs\yamagatabi\function.php on line 45
[30-Mar-2020 04:58:44 Asia/Tokyo] デバッグ：ログイン期限日時スタンプ：2594020
[30-Mar-2020 04:58:44 Asia/Tokyo] デバッグ：ログイン済みユーザーです。
[30-Mar-2020 04:58:44 Asia/Tokyo] PHP Notice:  A non well formed numeric value encountered in C:\xampp\htdocs\yamagatabi\auth.php on line 11
[30-Mar-2020 04:58:44 Asia/Tokyo] デバッグ：ログイン有効期限オーバーです。
[30-Mar-2020 04:58:44 Asia/Tokyo] デバッグ：「「「「「「「「「「「「「「「「「「「「「「「「「「「「「「「「「「「「「「「「
[30-Mar-2020 04:58:45 Asia/Tokyo] デバッグ：「　ログインページ　
[30-Mar-2020 04:58:45 Asia/Tokyo] デバッグ：「「「「「「「「「「「「「「「「「「「「「「「「「「「「「「「「「「「「「「「「
[30-Mar-2020 04:58:45 Asia/Tokyo] デバッグ：>>>>>>>>>>>>>>>>>>>>>>>>>>>>>>>>>>>>>>>>>>>>>>>>>>>> 画面表示処理開始
[30-Mar-2020 04:58:45 Asia/Tokyo] デバッグ：セッションID：ubmi08ia1ru5fmgr47heh37h1t
[30-Mar-2020 04:58:45 Asia/Tokyo] デバッグ：セッション変数の中身:Array
(
)

[30-Mar-2020 04:58:45 Asia/Tokyo] デバッグ：現在日時タイムスタンンプ1585511925
[30-Mar-2020 04:58:45 Asia/Tokyo] デバッグ：未ログインユーザーです。
[30-Mar-2020 04:58:45 Asia/Tokyo] デバッグ：画面表示処理終了 <<<<<<<<<<<<<<<<<<<<<<<<<<<<<<<<<<<<<<<<<<<<<<<<<
[30-Mar-2020 04:58:45 Asia/Tokyo] デバッグ：「「「「「「「「「「「「「「「「「「「「「「「「「「「「「「「「「「「「「「「「
[30-Mar-2020 04:58:45 Asia/Tokyo] デバッグ：「　ログインページ　
[30-Mar-2020 04:58:45 Asia/Tokyo] デバッグ：「「「「「「「「「「「「「「「「「「「「「「「「「「「「「「「「「「「「「「「「
[30-Mar-2020 04:58:45 Asia/Tokyo] デバッグ：>>>>>>>>>>>>>>>>>>>>>>>>>>>>>>>>>>>>>>>>>>>>>>>>>>>> 画面表示処理開始
[30-Mar-2020 04:58:45 Asia/Tokyo] デバッグ：セッションID：60to7diop3gklmc5sgqi7cut8a
[30-Mar-2020 04:58:45 Asia/Tokyo] デバッグ：セッション変数の中身:Array
(
)

[30-Mar-2020 04:58:45 Asia/Tokyo] デバッグ：現在日時タイムスタンンプ1585511925
[30-Mar-2020 04:58:45 Asia/Tokyo] デバッグ：未ログインユーザーです。
[30-Mar-2020 04:58:45 Asia/Tokyo] デバッグ：画面表示処理終了 <<<<<<<<<<<<<<<<<<<<<<<<<<<<<<<<<<<<<<<<<<<<<<<<<
[30-Mar-2020 05:01:28 Asia/Tokyo] デバッグ：「「「「「「「「「「「「「「「「「「「「「「「「「「「「「「「「「「「「「「「「
[30-Mar-2020 05:01:28 Asia/Tokyo] デバッグ：「　ログインページ　
[30-Mar-2020 05:01:28 Asia/Tokyo] デバッグ：「「「「「「「「「「「「「「「「「「「「「「「「「「「「「「「「「「「「「「「「
[30-Mar-2020 05:01:28 Asia/Tokyo] デバッグ：>>>>>>>>>>>>>>>>>>>>>>>>>>>>>>>>>>>>>>>>>>>>>>>>>>>> 画面表示処理開始
[30-Mar-2020 05:01:28 Asia/Tokyo] デバッグ：セッションID：edq231l4t3k26rplrfvt96pli2
[30-Mar-2020 05:01:28 Asia/Tokyo] デバッグ：セッション変数の中身:Array
(
)

[30-Mar-2020 05:01:28 Asia/Tokyo] デバッグ：現在日時タイムスタンンプ1585512088
[30-Mar-2020 05:01:28 Asia/Tokyo] デバッグ：未ログインユーザーです。
[30-Mar-2020 05:01:28 Asia/Tokyo] デバッグ：POST送信があります。
[30-Mar-2020 05:01:28 Asia/Tokyo] デバッグ：$_POSTの中身：Array
(
    [email] => t02f447f@gmail.com
    [pass] => 111111
)

[30-Mar-2020 05:01:28 Asia/Tokyo] デバッグ：バリデーションチェックOK。
[30-Mar-2020 05:01:28 Asia/Tokyo] デバッグ：クエリに成功しました。
[30-Mar-2020 05:01:28 Asia/Tokyo] デバッグ：クエリ結果の中身：Array
(
    [pass] => $2y$10$BMgduUdPR5keOEf8k7BkIOgM5VD4ST6Px7Ix0rv1MknrdD1Od5jd2
    [id] => 1
)

[30-Mar-2020 05:01:29 Asia/Tokyo] デバッグ：パスワードがマッチしました。
[30-Mar-2020 05:01:29 Asia/Tokyo] PHP Warning:  date() expects at least 1 parameter, 0 given in C:\xampp\htdocs\yamagatabi\login.php on line 70
[30-Mar-2020 05:01:29 Asia/Tokyo] デバッグ：ログイン保持にチェックがありません。
[30-Mar-2020 05:01:29 Asia/Tokyo] デバッグ：セッション変数の中身：Array
(
    [login_date] => 
    [login_limit] => 3600
    [user_id] => 1
)

[30-Mar-2020 05:01:29 Asia/Tokyo] デバッグ：マイページへ遷移します。
[30-Mar-2020 05:01:29 Asia/Tokyo] デバッグ：画面表示処理終了 <<<<<<<<<<<<<<<<<<<<<<<<<<<<<<<<<<<<<<<<<<<<<<<<<
[30-Mar-2020 05:06:02 Asia/Tokyo] デバッグ：「「「「「「「「「「「「「「「「「「「「「「「「「「「「「「「「「「「「「「「「
[30-Mar-2020 05:06:02 Asia/Tokyo] デバッグ：「　ログインページ　
[30-Mar-2020 05:06:02 Asia/Tokyo] デバッグ：「「「「「「「「「「「「「「「「「「「「「「「「「「「「「「「「「「「「「「「「
[30-Mar-2020 05:06:02 Asia/Tokyo] デバッグ：>>>>>>>>>>>>>>>>>>>>>>>>>>>>>>>>>>>>>>>>>>>>>>>>>>>> 画面表示処理開始
[30-Mar-2020 05:06:02 Asia/Tokyo] デバッグ：セッションID：nq5vkukdjq23anjenkbck5uul0
[30-Mar-2020 05:06:02 Asia/Tokyo] デバッグ：セッション変数の中身:Array
(
    [login_date] => 
    [login_limit] => 3600
    [user_id] => 1
)

[30-Mar-2020 05:06:02 Asia/Tokyo] デバッグ：現在日時タイムスタンンプ1585512362
[30-Mar-2020 05:06:02 Asia/Tokyo] デバッグ：未ログインユーザーです。
[30-Mar-2020 05:06:02 Asia/Tokyo] デバッグ：画面表示処理終了 <<<<<<<<<<<<<<<<<<<<<<<<<<<<<<<<<<<<<<<<<<<<<<<<<
[30-Mar-2020 05:06:02 Asia/Tokyo] デバッグ：「「「「「「「「「「「「「「「「「「「「「「「「「「「「「「「「「「「「「「「「
[30-Mar-2020 05:06:02 Asia/Tokyo] デバッグ：「　ログインページ　
[30-Mar-2020 05:06:02 Asia/Tokyo] デバッグ：「「「「「「「「「「「「「「「「「「「「「「「「「「「「「「「「「「「「「「「「
[30-Mar-2020 05:06:02 Asia/Tokyo] デバッグ：>>>>>>>>>>>>>>>>>>>>>>>>>>>>>>>>>>>>>>>>>>>>>>>>>>>> 画面表示処理開始
[30-Mar-2020 05:06:02 Asia/Tokyo] デバッグ：セッションID：rfq8u8bk6m6k8kc4fu6lgt5p0t
[30-Mar-2020 05:06:02 Asia/Tokyo] デバッグ：セッション変数の中身:Array
(
    [login_date] => 
    [login_limit] => 3600
    [user_id] => 1
)

[30-Mar-2020 05:06:02 Asia/Tokyo] デバッグ：現在日時タイムスタンンプ1585512362
[30-Mar-2020 05:06:02 Asia/Tokyo] デバッグ：未ログインユーザーです。
[30-Mar-2020 05:06:02 Asia/Tokyo] デバッグ：画面表示処理終了 <<<<<<<<<<<<<<<<<<<<<<<<<<<<<<<<<<<<<<<<<<<<<<<<<
[30-Mar-2020 05:06:09 Asia/Tokyo] デバッグ：「「「「「「「「「「「「「「「「「「「「「「「「「「「「「「「「「「「「「「「「
[30-Mar-2020 05:06:09 Asia/Tokyo] デバッグ：「　ログインページ　
[30-Mar-2020 05:06:09 Asia/Tokyo] デバッグ：「「「「「「「「「「「「「「「「「「「「「「「「「「「「「「「「「「「「「「「「
[30-Mar-2020 05:06:09 Asia/Tokyo] デバッグ：>>>>>>>>>>>>>>>>>>>>>>>>>>>>>>>>>>>>>>>>>>>>>>>>>>>> 画面表示処理開始
[30-Mar-2020 05:06:09 Asia/Tokyo] デバッグ：セッションID：n8jejnasmu9utlbj0l3clpjlha
[30-Mar-2020 05:06:09 Asia/Tokyo] デバッグ：セッション変数の中身:Array
(
    [login_date] => 
    [login_limit] => 3600
    [user_id] => 1
)

[30-Mar-2020 05:06:09 Asia/Tokyo] デバッグ：現在日時タイムスタンンプ1585512369
[30-Mar-2020 05:06:09 Asia/Tokyo] デバッグ：未ログインユーザーです。
[30-Mar-2020 05:06:09 Asia/Tokyo] デバッグ：POST送信があります。
[30-Mar-2020 05:06:09 Asia/Tokyo] デバッグ：$_POSTの中身：Array
(
    [email] => t02f447f@gmail.com
    [pass] => 111111
)

[30-Mar-2020 05:06:09 Asia/Tokyo] デバッグ：バリデーションチェックOK。
[30-Mar-2020 05:06:09 Asia/Tokyo] デバッグ：クエリに成功しました。
[30-Mar-2020 05:06:09 Asia/Tokyo] デバッグ：クエリ結果の中身：Array
(
    [pass] => $2y$10$BMgduUdPR5keOEf8k7BkIOgM5VD4ST6Px7Ix0rv1MknrdD1Od5jd2
    [id] => 1
)

[30-Mar-2020 05:06:09 Asia/Tokyo] デバッグ：パスワードがマッチしました。
[30-Mar-2020 05:06:09 Asia/Tokyo] デバッグ：ログイン保持にチェックがありません。
[30-Mar-2020 05:06:09 Asia/Tokyo] デバッグ：セッション変数の中身：Array
(
    [login_date] => 1585512369
    [login_limit] => 3600
    [user_id] => 1
)

[30-Mar-2020 05:06:09 Asia/Tokyo] デバッグ：マイページへ遷移します。
[30-Mar-2020 05:06:09 Asia/Tokyo] デバッグ：画面表示処理終了 <<<<<<<<<<<<<<<<<<<<<<<<<<<<<<<<<<<<<<<<<<<<<<<<<
[30-Mar-2020 05:06:28 Asia/Tokyo] デバッグ：「「「「「「「「「「「「「「「「「「「「「「「「「「「「「「「「「「「「「「「「
[30-Mar-2020 05:06:28 Asia/Tokyo] デバッグ：「　ログインページ　
[30-Mar-2020 05:06:28 Asia/Tokyo] デバッグ：「「「「「「「「「「「「「「「「「「「「「「「「「「「「「「「「「「「「「「「「
[30-Mar-2020 05:06:28 Asia/Tokyo] デバッグ：>>>>>>>>>>>>>>>>>>>>>>>>>>>>>>>>>>>>>>>>>>>>>>>>>>>> 画面表示処理開始
[30-Mar-2020 05:06:28 Asia/Tokyo] デバッグ：セッションID：89a0736m0gtv8d3gh65d5917ps
[30-Mar-2020 05:06:28 Asia/Tokyo] デバッグ：セッション変数の中身:Array
(
    [login_date] => 1585512369
    [login_limit] => 3600
    [user_id] => 1
)

[30-Mar-2020 05:06:28 Asia/Tokyo] デバッグ：現在日時タイムスタンンプ1585512388
[30-Mar-2020 05:06:28 Asia/Tokyo] デバッグ：ログイン期限日時スタンプ：1585515969
[30-Mar-2020 05:06:28 Asia/Tokyo] デバッグ：ログイン済みユーザーです。
[30-Mar-2020 05:06:28 Asia/Tokyo] デバッグ：ログイン有効期限以内です。
[30-Mar-2020 05:06:28 Asia/Tokyo] PHP Warning:  date() expects at least 1 parameter, 0 given in C:\xampp\htdocs\yamagatabi\auth.php on line 23
[30-Mar-2020 05:06:28 Asia/Tokyo] デバッグ：マイぺージへ遷移します。
[30-Mar-2020 05:07:17 Asia/Tokyo] デバッグ：「「「「「「「「「「「「「「「「「「「「「「「「「「「「「「「「「「「「「「「「
[30-Mar-2020 05:07:17 Asia/Tokyo] デバッグ：「　ログインページ　
[30-Mar-2020 05:07:17 Asia/Tokyo] デバッグ：「「「「「「「「「「「「「「「「「「「「「「「「「「「「「「「「「「「「「「「「
[30-Mar-2020 05:07:17 Asia/Tokyo] デバッグ：>>>>>>>>>>>>>>>>>>>>>>>>>>>>>>>>>>>>>>>>>>>>>>>>>>>> 画面表示処理開始
[30-Mar-2020 05:07:17 Asia/Tokyo] デバッグ：セッションID：ulqccgd2q08954i1uc4pcndgco
[30-Mar-2020 05:07:17 Asia/Tokyo] デバッグ：セッション変数の中身:Array
(
    [login_date] => 
    [login_limit] => 3600
    [user_id] => 1
)

[30-Mar-2020 05:07:17 Asia/Tokyo] デバッグ：現在日時タイムスタンンプ1585512437
[30-Mar-2020 05:07:17 Asia/Tokyo] デバッグ：未ログインユーザーです。
[30-Mar-2020 05:07:17 Asia/Tokyo] デバッグ：画面表示処理終了 <<<<<<<<<<<<<<<<<<<<<<<<<<<<<<<<<<<<<<<<<<<<<<<<<
[30-Mar-2020 05:07:23 Asia/Tokyo] デバッグ：「「「「「「「「「「「「「「「「「「「「「「「「「「「「「「「「「「「「「「「「
[30-Mar-2020 05:07:23 Asia/Tokyo] デバッグ：「　ログインページ　
[30-Mar-2020 05:07:23 Asia/Tokyo] デバッグ：「「「「「「「「「「「「「「「「「「「「「「「「「「「「「「「「「「「「「「「「
[30-Mar-2020 05:07:23 Asia/Tokyo] デバッグ：>>>>>>>>>>>>>>>>>>>>>>>>>>>>>>>>>>>>>>>>>>>>>>>>>>>> 画面表示処理開始
[30-Mar-2020 05:07:23 Asia/Tokyo] デバッグ：セッションID：i6cvg8sio82hbnrah5h0ukak25
[30-Mar-2020 05:07:23 Asia/Tokyo] デバッグ：セッション変数の中身:Array
(
    [login_date] => 
    [login_limit] => 3600
    [user_id] => 1
)

[30-Mar-2020 05:07:23 Asia/Tokyo] デバッグ：現在日時タイムスタンンプ1585512443
[30-Mar-2020 05:07:23 Asia/Tokyo] デバッグ：未ログインユーザーです。
[30-Mar-2020 05:07:23 Asia/Tokyo] デバッグ：画面表示処理終了 <<<<<<<<<<<<<<<<<<<<<<<<<<<<<<<<<<<<<<<<<<<<<<<<<
[30-Mar-2020 05:07:32 Asia/Tokyo] デバッグ：「「「「「「「「「「「「「「「「「「「「「「「「「「「「「「「「「「「「「「「「
[30-Mar-2020 05:07:32 Asia/Tokyo] デバッグ：「　ログインページ　
[30-Mar-2020 05:07:32 Asia/Tokyo] デバッグ：「「「「「「「「「「「「「「「「「「「「「「「「「「「「「「「「「「「「「「「「
[30-Mar-2020 05:07:32 Asia/Tokyo] デバッグ：>>>>>>>>>>>>>>>>>>>>>>>>>>>>>>>>>>>>>>>>>>>>>>>>>>>> 画面表示処理開始
[30-Mar-2020 05:07:32 Asia/Tokyo] デバッグ：セッションID：reenafmd8n2gpmovvgcuee2948
[30-Mar-2020 05:07:32 Asia/Tokyo] デバッグ：セッション変数の中身:Array
(
    [login_date] => 
    [login_limit] => 3600
    [user_id] => 1
)

[30-Mar-2020 05:07:32 Asia/Tokyo] デバッグ：現在日時タイムスタンンプ1585512452
[30-Mar-2020 05:07:32 Asia/Tokyo] デバッグ：未ログインユーザーです。
[30-Mar-2020 05:07:32 Asia/Tokyo] デバッグ：POST送信があります。
[30-Mar-2020 05:07:32 Asia/Tokyo] デバッグ：$_POSTの中身：Array
(
    [email] => t02f447f@gmail.com
    [pass] => 111111
)

[30-Mar-2020 05:07:32 Asia/Tokyo] デバッグ：バリデーションチェックOK。
[30-Mar-2020 05:07:32 Asia/Tokyo] デバッグ：クエリに成功しました。
[30-Mar-2020 05:07:32 Asia/Tokyo] デバッグ：「「「「「「「「「「「「「「「「「「「「「「「「「「「「「「「「「「「「「「「「
[30-Mar-2020 05:07:32 Asia/Tokyo] デバッグ：クエリ結果の中身：Array
(
    [pass] => $2y$10$BMgduUdPR5keOEf8k7BkIOgM5VD4ST6Px7Ix0rv1MknrdD1Od5jd2
    [id] => 1
)

[30-Mar-2020 05:07:32 Asia/Tokyo] デバッグ：「　ログインページ　
[30-Mar-2020 05:07:32 Asia/Tokyo] デバッグ：「「「「「「「「「「「「「「「「「「「「「「「「「「「「「「「「「「「「「「「「
[30-Mar-2020 05:07:32 Asia/Tokyo] デバッグ：>>>>>>>>>>>>>>>>>>>>>>>>>>>>>>>>>>>>>>>>>>>>>>>>>>>> 画面表示処理開始
[30-Mar-2020 05:07:32 Asia/Tokyo] デバッグ：セッションID：4ib8219dgbug7bj6jgb9glnscm
[30-Mar-2020 05:07:32 Asia/Tokyo] デバッグ：セッション変数の中身:Array
(
    [login_date] => 
    [login_limit] => 3600
    [user_id] => 1
)

[30-Mar-2020 05:07:32 Asia/Tokyo] デバッグ：現在日時タイムスタンンプ1585512452
[30-Mar-2020 05:07:32 Asia/Tokyo] デバッグ：未ログインユーザーです。
[30-Mar-2020 05:07:32 Asia/Tokyo] デバッグ：POST送信があります。
[30-Mar-2020 05:07:32 Asia/Tokyo] デバッグ：$_POSTの中身：Array
(
    [email] => t02f447f@gmail.com
    [pass] => 111111
)

[30-Mar-2020 05:07:32 Asia/Tokyo] デバッグ：バリデーションチェックOK。
[30-Mar-2020 05:07:32 Asia/Tokyo] デバッグ：クエリに成功しました。
[30-Mar-2020 05:07:32 Asia/Tokyo] デバッグ：クエリ結果の中身：Array
(
    [pass] => $2y$10$BMgduUdPR5keOEf8k7BkIOgM5VD4ST6Px7Ix0rv1MknrdD1Od5jd2
    [id] => 1
)

[30-Mar-2020 05:07:32 Asia/Tokyo] デバッグ：パスワードがマッチしました。
[30-Mar-2020 05:07:32 Asia/Tokyo] デバッグ：ログイン保持にチェックがありません。
[30-Mar-2020 05:07:32 Asia/Tokyo] デバッグ：セッション変数の中身：Array
(
    [login_date] => 1585512452
    [login_limit] => 3600
    [user_id] => 1
)

[30-Mar-2020 05:07:32 Asia/Tokyo] デバッグ：マイページへ遷移します。
[30-Mar-2020 05:07:32 Asia/Tokyo] デバッグ：画面表示処理終了 <<<<<<<<<<<<<<<<<<<<<<<<<<<<<<<<<<<<<<<<<<<<<<<<<
[30-Mar-2020 05:07:32 Asia/Tokyo] デバッグ：パスワードがマッチしました。
[30-Mar-2020 05:07:32 Asia/Tokyo] デバッグ：ログイン保持にチェックがありません。
[30-Mar-2020 05:07:32 Asia/Tokyo] デバッグ：セッション変数の中身：Array
(
    [login_date] => 1585512452
    [login_limit] => 3600
    [user_id] => 1
)

[30-Mar-2020 05:07:32 Asia/Tokyo] デバッグ：マイページへ遷移します。
[30-Mar-2020 05:07:32 Asia/Tokyo] デバッグ：画面表示処理終了 <<<<<<<<<<<<<<<<<<<<<<<<<<<<<<<<<<<<<<<<<<<<<<<<<
[30-Mar-2020 05:08:05 Asia/Tokyo] デバッグ：「「「「「「「「「「「「「「「「「「「「「「「「「「「「「「「「「「「「「「「「
[30-Mar-2020 05:08:05 Asia/Tokyo] デバッグ：「　ログインページ　
[30-Mar-2020 05:08:05 Asia/Tokyo] デバッグ：「「「「「「「「「「「「「「「「「「「「「「「「「「「「「「「「「「「「「「「「
[30-Mar-2020 05:08:05 Asia/Tokyo] デバッグ：>>>>>>>>>>>>>>>>>>>>>>>>>>>>>>>>>>>>>>>>>>>>>>>>>>>> 画面表示処理開始
[30-Mar-2020 05:08:05 Asia/Tokyo] デバッグ：セッションID：rrs0tthbpokqtuhvt40oq4sa1h
[30-Mar-2020 05:08:05 Asia/Tokyo] デバッグ：セッション変数の中身:Array
(
    [login_date] => 1585512452
    [login_limit] => 3600
    [user_id] => 1
)

[30-Mar-2020 05:08:05 Asia/Tokyo] デバッグ：現在日時タイムスタンンプ1585512485
[30-Mar-2020 05:08:05 Asia/Tokyo] デバッグ：ログイン期限日時スタンプ：1585516052
[30-Mar-2020 05:08:05 Asia/Tokyo] デバッグ：ログイン済みユーザーです。
[30-Mar-2020 05:08:05 Asia/Tokyo] デバッグ：ログイン有効期限以内です。
[30-Mar-2020 05:08:05 Asia/Tokyo] デバッグ：マイぺージへ遷移します。
[30-Mar-2020 05:23:25 Asia/Tokyo] デバッグ：「「「「「「「「「「「「「「「「「「「「「「「「「「「「「「「「「「「「「「「「
[30-Mar-2020 05:23:25 Asia/Tokyo] デバッグ：「　ログインページ　
[30-Mar-2020 05:23:25 Asia/Tokyo] デバッグ：「「「「「「「「「「「「「「「「「「「「「「「「「「「「「「「「「「「「「「「「
[30-Mar-2020 05:23:25 Asia/Tokyo] デバッグ：>>>>>>>>>>>>>>>>>>>>>>>>>>>>>>>>>>>>>>>>>>>>>>>>>>>> 画面表示処理開始
[30-Mar-2020 05:23:25 Asia/Tokyo] デバッグ：セッションID：lt8l02kv7iq5829cfih826to4t
[30-Mar-2020 05:23:25 Asia/Tokyo] デバッグ：セッション変数の中身:Array
(
    [login_date] => 1585512485
    [login_limit] => 3600
    [user_id] => 1
)

[30-Mar-2020 05:23:25 Asia/Tokyo] デバッグ：現在日時タイムスタンンプ1585513405
[30-Mar-2020 05:23:25 Asia/Tokyo] デバッグ：ログイン期限日時スタンプ：1585516085
[30-Mar-2020 05:23:25 Asia/Tokyo] デバッグ：ログイン済みユーザーです。
[30-Mar-2020 05:23:25 Asia/Tokyo] デバッグ：ログイン有効期限以内です。
[30-Mar-2020 05:23:25 Asia/Tokyo] デバッグ：マイぺージへ遷移します。
[30-Mar-2020 05:23:25 Asia/Tokyo] デバッグ：「「「「「「「「「「「「「「「「「「「「「「「「「「「「「「「「「「「「「「「「
[30-Mar-2020 05:23:25 Asia/Tokyo] デバッグ：「　ログインページ　
[30-Mar-2020 05:23:25 Asia/Tokyo] デバッグ：「「「「「「「「「「「「「「「「「「「「「「「「「「「「「「「「「「「「「「「「
[30-Mar-2020 05:23:25 Asia/Tokyo] デバッグ：>>>>>>>>>>>>>>>>>>>>>>>>>>>>>>>>>>>>>>>>>>>>>>>>>>>> 画面表示処理開始
[30-Mar-2020 05:23:25 Asia/Tokyo] デバッグ：セッションID：rug2ctknp7ddevql4uuo6i9916
[30-Mar-2020 05:23:25 Asia/Tokyo] デバッグ：セッション変数の中身:Array
(
    [login_date] => 1585513405
    [login_limit] => 3600
    [user_id] => 1
)

[30-Mar-2020 05:23:25 Asia/Tokyo] デバッグ：現在日時タイムスタンンプ1585513405
[30-Mar-2020 05:23:25 Asia/Tokyo] デバッグ：ログイン期限日時スタンプ：1585517005
[30-Mar-2020 05:23:25 Asia/Tokyo] デバッグ：ログイン済みユーザーです。
[30-Mar-2020 05:23:25 Asia/Tokyo] デバッグ：ログイン有効期限以内です。
[30-Mar-2020 05:23:25 Asia/Tokyo] デバッグ：マイぺージへ遷移します。
[30-Mar-2020 05:26:24 Asia/Tokyo] デバッグ：「「「「「「「「「「「「「「「「「「「「「「「「「「「「「「「「「「「「「「「「
[30-Mar-2020 05:26:24 Asia/Tokyo] デバッグ：「　ログインページ　
[30-Mar-2020 05:26:24 Asia/Tokyo] デバッグ：「「「「「「「「「「「「「「「「「「「「「「「「「「「「「「「「「「「「「「「「
[30-Mar-2020 05:26:24 Asia/Tokyo] デバッグ：>>>>>>>>>>>>>>>>>>>>>>>>>>>>>>>>>>>>>>>>>>>>>>>>>>>> 画面表示処理開始
[30-Mar-2020 05:26:25 Asia/Tokyo] デバッグ：セッションID：lc210o3hqpnv1ouau5fq1re9qe
[30-Mar-2020 05:26:25 Asia/Tokyo] デバッグ：セッション変数の中身:Array
(
    [login_date] => 1585513405
    [login_limit] => 3600
    [user_id] => 1
)

[30-Mar-2020 05:26:25 Asia/Tokyo] デバッグ：現在日時タイムスタンンプ1585513585
[30-Mar-2020 05:26:25 Asia/Tokyo] デバッグ：ログイン期限日時スタンプ：1585517005
[30-Mar-2020 05:26:25 Asia/Tokyo] デバッグ：ログイン済みユーザーです。
[30-Mar-2020 05:26:25 Asia/Tokyo] デバッグ：ログイン有効期限以内です。
[30-Mar-2020 05:26:25 Asia/Tokyo] デバッグ：マイぺージへ遷移します。
[30-Mar-2020 05:26:31 Asia/Tokyo] デバッグ：「「「「「「「「「「「「「「「「「「「「「「「「「「「「「「「「「「「「「「「「
[30-Mar-2020 05:26:31 Asia/Tokyo] デバッグ：「　ログインページ　
[30-Mar-2020 05:26:31 Asia/Tokyo] デバッグ：「「「「「「「「「「「「「「「「「「「「「「「「「「「「「「「「「「「「「「「「
[30-Mar-2020 05:26:31 Asia/Tokyo] デバッグ：>>>>>>>>>>>>>>>>>>>>>>>>>>>>>>>>>>>>>>>>>>>>>>>>>>>> 画面表示処理開始
[30-Mar-2020 05:26:31 Asia/Tokyo] デバッグ：セッションID：irfro2t5kef7e88dj4hdkiq339
[30-Mar-2020 05:26:31 Asia/Tokyo] デバッグ：セッション変数の中身:Array
(
    [login_date] => 1585513585
    [login_limit] => 3600
    [user_id] => 1
)

[30-Mar-2020 05:26:31 Asia/Tokyo] デバッグ：現在日時タイムスタンンプ1585513591
[30-Mar-2020 05:26:31 Asia/Tokyo] デバッグ：ログイン期限日時スタンプ：1585517185
[30-Mar-2020 05:26:31 Asia/Tokyo] デバッグ：ログイン済みユーザーです。
[30-Mar-2020 05:26:31 Asia/Tokyo] デバッグ：ログイン有効期限以内です。
[30-Mar-2020 05:26:31 Asia/Tokyo] デバッグ：マイぺージへ遷移します。
[30-Mar-2020 05:26:35 Asia/Tokyo] デバッグ：「「「「「「「「「「「「「「「「「「「「「「「「「「「「「「「「「「「「「「「「
[30-Mar-2020 05:26:35 Asia/Tokyo] デバッグ：「　ログアウトページ　
[30-Mar-2020 05:26:35 Asia/Tokyo] デバッグ：「「「「「「「「「「「「「「「「「「「「「「「「「「「「「「「「「「「「「「「「
[30-Mar-2020 05:26:35 Asia/Tokyo] デバッグ：>>>>>>>>>>>>>>>>>>>>>>>>>>>>>>>>>>>>>>>>>>>>>>>>>>>> 画面表示処理開始
[30-Mar-2020 05:26:35 Asia/Tokyo] デバッグ：セッションID：0tpsrq2on8h6iqq0jorfjpspia
[30-Mar-2020 05:26:35 Asia/Tokyo] デバッグ：セッション変数の中身:Array
(
    [login_date] => 1585513591
    [login_limit] => 3600
    [user_id] => 1
)

[30-Mar-2020 05:26:35 Asia/Tokyo] デバッグ：現在日時タイムスタンンプ1585513595
[30-Mar-2020 05:26:35 Asia/Tokyo] デバッグ：ログイン期限日時スタンプ：1585517191
[30-Mar-2020 05:26:35 Asia/Tokyo] デバッグ：ログアウトします。
[30-Mar-2020 05:26:35 Asia/Tokyo] デバッグ：session_destroy後のセッションID:
[30-Mar-2020 05:26:35 Asia/Tokyo] デバッグ：session_destroy後の$_SESSIONの値：Array
(
    [login_date] => 1585513591
    [login_limit] => 3600
    [user_id] => 1
)

[30-Mar-2020 05:26:35 Asia/Tokyo] デバッグ：ログインページへ遷移します。
[30-Mar-2020 05:26:35 Asia/Tokyo] デバッグ：「「「「「「「「「「「「「「「「「「「「「「「「「「「「「「「「「「「「「「「「
[30-Mar-2020 05:26:35 Asia/Tokyo] デバッグ：「　ログインページ　
[30-Mar-2020 05:26:35 Asia/Tokyo] デバッグ：「「「「「「「「「「「「「「「「「「「「「「「「「「「「「「「「「「「「「「「「
[30-Mar-2020 05:26:35 Asia/Tokyo] デバッグ：>>>>>>>>>>>>>>>>>>>>>>>>>>>>>>>>>>>>>>>>>>>>>>>>>>>> 画面表示処理開始
[30-Mar-2020 05:26:35 Asia/Tokyo] デバッグ：セッションID：vq17mm2dc0ghoq99d9725k1kr5
[30-Mar-2020 05:26:35 Asia/Tokyo] デバッグ：セッション変数の中身:Array
(
)

[30-Mar-2020 05:26:35 Asia/Tokyo] デバッグ：現在日時タイムスタンンプ1585513595
[30-Mar-2020 05:26:35 Asia/Tokyo] デバッグ：未ログインユーザーです。
[30-Mar-2020 05:26:35 Asia/Tokyo] デバッグ：画面表示処理終了 <<<<<<<<<<<<<<<<<<<<<<<<<<<<<<<<<<<<<<<<<<<<<<<<<
[30-Mar-2020 05:31:32 Asia/Tokyo] PHP Notice:  Undefined variable: _SESSION in C:\xampp\htdocs\yamagatabi\function.php on line 20
[30-Mar-2020 05:31:32 Asia/Tokyo] デバッグ：session_destroy後の$_SESSIONの値1：
[30-Mar-2020 05:31:32 Asia/Tokyo] デバッグ：session_destroy後の$_SESSIONの値2：Array
(
)

[30-Mar-2020 05:31:32 Asia/Tokyo] デバッグ：「「「「「「「「「「「「「「「「「「「「「「「「「「「「「「「「「「「「「「「「
[30-Mar-2020 05:31:32 Asia/Tokyo] デバッグ：「　ログインページ　
[30-Mar-2020 05:31:32 Asia/Tokyo] デバッグ：「「「「「「「「「「「「「「「「「「「「「「「「「「「「「「「「「「「「「「「「
[30-Mar-2020 05:31:32 Asia/Tokyo] デバッグ：>>>>>>>>>>>>>>>>>>>>>>>>>>>>>>>>>>>>>>>>>>>>>>>>>>>> 画面表示処理開始
[30-Mar-2020 05:31:32 Asia/Tokyo] デバッグ：セッションID：2ue29je68g2enm4ausrftia9rm
[30-Mar-2020 05:31:32 Asia/Tokyo] デバッグ：セッション変数の中身:Array
(
)

[30-Mar-2020 05:31:32 Asia/Tokyo] デバッグ：現在日時タイムスタンンプ1585513892
[30-Mar-2020 05:31:32 Asia/Tokyo] デバッグ：未ログインユーザーです。
[30-Mar-2020 05:31:32 Asia/Tokyo] デバッグ：画面表示処理終了 <<<<<<<<<<<<<<<<<<<<<<<<<<<<<<<<<<<<<<<<<<<<<<<<<
[30-Mar-2020 05:32:05 Asia/Tokyo] PHP Notice:  Undefined variable: _SESSION in C:\xampp\htdocs\yamagatabi\function.php on line 21
[30-Mar-2020 05:32:05 Asia/Tokyo] デバッグ：session_destroy後の$_SESSIONの値1：
[30-Mar-2020 05:32:05 Asia/Tokyo] デバッグ：session_destroy後の$_SESSIONの値2：Array
(
)

[30-Mar-2020 05:32:05 Asia/Tokyo] デバッグ：「「「「「「「「「「「「「「「「「「「「「「「「「「「「「「「「「「「「「「「「
[30-Mar-2020 05:32:05 Asia/Tokyo] デバッグ：「　ログインページ　
[30-Mar-2020 05:32:05 Asia/Tokyo] デバッグ：「「「「「「「「「「「「「「「「「「「「「「「「「「「「「「「「「「「「「「「「
[30-Mar-2020 05:32:05 Asia/Tokyo] デバッグ：>>>>>>>>>>>>>>>>>>>>>>>>>>>>>>>>>>>>>>>>>>>>>>>>>>>> 画面表示処理開始
[30-Mar-2020 05:32:05 Asia/Tokyo] デバッグ：セッションID：9r6g319je2vhjhd18960h0d2g9
[30-Mar-2020 05:32:05 Asia/Tokyo] デバッグ：セッション変数の中身:Array
(
)

[30-Mar-2020 05:32:05 Asia/Tokyo] デバッグ：現在日時タイムスタンンプ1585513925
[30-Mar-2020 05:32:05 Asia/Tokyo] デバッグ：未ログインユーザーです。
[30-Mar-2020 05:32:05 Asia/Tokyo] デバッグ：画面表示処理終了 <<<<<<<<<<<<<<<<<<<<<<<<<<<<<<<<<<<<<<<<<<<<<<<<<
[30-Mar-2020 05:32:12 Asia/Tokyo] PHP Notice:  Undefined variable: _SESSION in C:\xampp\htdocs\yamagatabi\function.php on line 21
[30-Mar-2020 05:32:12 Asia/Tokyo] デバッグ：session_destroy後の$_SESSIONの値1：
[30-Mar-2020 05:32:12 Asia/Tokyo] デバッグ：session_destroy後の$_SESSIONの値2：Array
(
)

[30-Mar-2020 05:32:12 Asia/Tokyo] デバッグ：「「「「「「「「「「「「「「「「「「「「「「「「「「「「「「「「「「「「「「「「
[30-Mar-2020 05:32:13 Asia/Tokyo] デバッグ：「　ログインページ　
[30-Mar-2020 05:32:13 Asia/Tokyo] デバッグ：「「「「「「「「「「「「「「「「「「「「「「「「「「「「「「「「「「「「「「「「
[30-Mar-2020 05:32:13 Asia/Tokyo] デバッグ：>>>>>>>>>>>>>>>>>>>>>>>>>>>>>>>>>>>>>>>>>>>>>>>>>>>> 画面表示処理開始
[30-Mar-2020 05:32:13 Asia/Tokyo] デバッグ：セッションID：q9klpgired5boht68nv56suhqq
[30-Mar-2020 05:32:13 Asia/Tokyo] デバッグ：セッション変数の中身:Array
(
)

[30-Mar-2020 05:32:13 Asia/Tokyo] デバッグ：現在日時タイムスタンンプ1585513933
[30-Mar-2020 05:32:13 Asia/Tokyo] デバッグ：未ログインユーザーです。
[30-Mar-2020 05:32:13 Asia/Tokyo] デバッグ：POST送信があります。
[30-Mar-2020 05:32:13 Asia/Tokyo] デバッグ：$_POSTの中身：Array
(
    [email] => t02f447f@gmail.com
    [pass] => 111111
    [pass_save] => on
)

[30-Mar-2020 05:32:13 Asia/Tokyo] デバッグ：バリデーションチェックOK。
[30-Mar-2020 05:32:13 Asia/Tokyo] デバッグ：クエリに成功しました。
[30-Mar-2020 05:32:13 Asia/Tokyo] デバッグ：クエリ結果の中身：Array
(
    [pass] => $2y$10$BMgduUdPR5keOEf8k7BkIOgM5VD4ST6Px7Ix0rv1MknrdD1Od5jd2
    [id] => 1
)

[30-Mar-2020 05:32:13 Asia/Tokyo] デバッグ：パスワードがマッチしました。
[30-Mar-2020 05:32:13 Asia/Tokyo] デバッグ：ログイン保持にチェックがあります。
[30-Mar-2020 05:32:13 Asia/Tokyo] デバッグ：セッション変数の中身：Array
(
    [login_date] => 1585513933
    [login_limit] => 2592000
    [user_id] => 1
)

[30-Mar-2020 05:32:13 Asia/Tokyo] デバッグ：マイページへ遷移します。
[30-Mar-2020 05:32:13 Asia/Tokyo] デバッグ：画面表示処理終了 <<<<<<<<<<<<<<<<<<<<<<<<<<<<<<<<<<<<<<<<<<<<<<<<<
[30-Mar-2020 05:32:22 Asia/Tokyo] PHP Notice:  Undefined variable: _SESSION in C:\xampp\htdocs\yamagatabi\function.php on line 21
[30-Mar-2020 05:32:22 Asia/Tokyo] デバッグ：session_destroy後の$_SESSIONの値1：
[30-Mar-2020 05:32:22 Asia/Tokyo] デバッグ：session_destroy後の$_SESSIONの値2：Array
(
    [login_date] => 1585513933
    [login_limit] => 2592000
    [user_id] => 1
)

[30-Mar-2020 05:32:22 Asia/Tokyo] デバッグ：「「「「「「「「「「「「「「「「「「「「「「「「「「「「「「「「「「「「「「「「
[30-Mar-2020 05:32:22 Asia/Tokyo] デバッグ：「　ログインページ　
[30-Mar-2020 05:32:22 Asia/Tokyo] デバッグ：「「「「「「「「「「「「「「「「「「「「「「「「「「「「「「「「「「「「「「「「
[30-Mar-2020 05:32:22 Asia/Tokyo] デバッグ：>>>>>>>>>>>>>>>>>>>>>>>>>>>>>>>>>>>>>>>>>>>>>>>>>>>> 画面表示処理開始
[30-Mar-2020 05:32:22 Asia/Tokyo] デバッグ：セッションID：ssbr4a4nfgsurcjrh9s52mno9t
[30-Mar-2020 05:32:22 Asia/Tokyo] デバッグ：セッション変数の中身:Array
(
    [login_date] => 1585513933
    [login_limit] => 2592000
    [user_id] => 1
)

[30-Mar-2020 05:32:22 Asia/Tokyo] デバッグ：現在日時タイムスタンンプ1585513942
[30-Mar-2020 05:32:22 Asia/Tokyo] デバッグ：ログイン期限日時スタンプ：1588105933
[30-Mar-2020 05:32:22 Asia/Tokyo] デバッグ：ログイン済みユーザーです。
[30-Mar-2020 05:32:22 Asia/Tokyo] デバッグ：ログイン有効期限以内です。
[30-Mar-2020 05:32:22 Asia/Tokyo] デバッグ：マイぺージへ遷移します。
[30-Mar-2020 05:32:32 Asia/Tokyo] PHP Notice:  Undefined variable: _SESSION in C:\xampp\htdocs\yamagatabi\function.php on line 21
[30-Mar-2020 05:32:32 Asia/Tokyo] デバッグ：session_destroy後の$_SESSIONの値1：
[30-Mar-2020 05:32:32 Asia/Tokyo] デバッグ：「「「「「「「「「「「「「「「「「「「「「「「「「「「「「「「「「「「「「「「「
[30-Mar-2020 05:32:32 Asia/Tokyo] デバッグ：「　ログアウトページ　
[30-Mar-2020 05:32:32 Asia/Tokyo] デバッグ：「「「「「「「「「「「「「「「「「「「「「「「「「「「「「「「「「「「「「「「「
[30-Mar-2020 05:32:32 Asia/Tokyo] デバッグ：>>>>>>>>>>>>>>>>>>>>>>>>>>>>>>>>>>>>>>>>>>>>>>>>>>>> 画面表示処理開始
[30-Mar-2020 05:32:32 Asia/Tokyo] デバッグ：セッションID：8g3uvujj16ar7m1vc401dqu56p
[30-Mar-2020 05:32:32 Asia/Tokyo] デバッグ：セッション変数の中身:Array
(
    [login_date] => 1585513942
    [login_limit] => 2592000
    [user_id] => 1
)

[30-Mar-2020 05:32:32 Asia/Tokyo] デバッグ：現在日時タイムスタンンプ1585513952
[30-Mar-2020 05:32:32 Asia/Tokyo] デバッグ：ログイン期限日時スタンプ：1588105942
[30-Mar-2020 05:32:32 Asia/Tokyo] デバッグ：ログアウトします。
[30-Mar-2020 05:32:32 Asia/Tokyo] デバッグ：session_destroy後のセッションID:
[30-Mar-2020 05:32:32 Asia/Tokyo] デバッグ：session_destroy後の$_SESSIONの値：Array
(
    [login_date] => 1585513942
    [login_limit] => 2592000
    [user_id] => 1
)

[30-Mar-2020 05:32:32 Asia/Tokyo] デバッグ：ログインページへ遷移します。
[30-Mar-2020 05:32:32 Asia/Tokyo] PHP Notice:  Undefined variable: _SESSION in C:\xampp\htdocs\yamagatabi\function.php on line 21
[30-Mar-2020 05:32:32 Asia/Tokyo] デバッグ：session_destroy後の$_SESSIONの値1：
[30-Mar-2020 05:32:32 Asia/Tokyo] デバッグ：session_destroy後の$_SESSIONの値2：Array
(
)

[30-Mar-2020 05:32:32 Asia/Tokyo] デバッグ：「「「「「「「「「「「「「「「「「「「「「「「「「「「「「「「「「「「「「「「「
[30-Mar-2020 05:32:32 Asia/Tokyo] デバッグ：「　ログインページ　
[30-Mar-2020 05:32:32 Asia/Tokyo] デバッグ：「「「「「「「「「「「「「「「「「「「「「「「「「「「「「「「「「「「「「「「「
[30-Mar-2020 05:32:32 Asia/Tokyo] デバッグ：>>>>>>>>>>>>>>>>>>>>>>>>>>>>>>>>>>>>>>>>>>>>>>>>>>>> 画面表示処理開始
[30-Mar-2020 05:32:32 Asia/Tokyo] デバッグ：セッションID：04se482ro9ejlu163kp9cg6597
[30-Mar-2020 05:32:32 Asia/Tokyo] デバッグ：セッション変数の中身:Array
(
)

[30-Mar-2020 05:32:32 Asia/Tokyo] デバッグ：現在日時タイムスタンンプ1585513952
[30-Mar-2020 05:32:32 Asia/Tokyo] デバッグ：未ログインユーザーです。
[30-Mar-2020 05:32:32 Asia/Tokyo] デバッグ：画面表示処理終了 <<<<<<<<<<<<<<<<<<<<<<<<<<<<<<<<<<<<<<<<<<<<<<<<<
[30-Mar-2020 05:33:41 Asia/Tokyo] デバッグ：「「「「「「「「「「「「「「「「「「「「「「「「「「「「「「「「「「「「「「「「
[30-Mar-2020 05:33:41 Asia/Tokyo] デバッグ：「　ログインページ　
[30-Mar-2020 05:33:41 Asia/Tokyo] デバッグ：「「「「「「「「「「「「「「「「「「「「「「「「「「「「「「「「「「「「「「「「
[30-Mar-2020 05:33:41 Asia/Tokyo] デバッグ：>>>>>>>>>>>>>>>>>>>>>>>>>>>>>>>>>>>>>>>>>>>>>>>>>>>> 画面表示処理開始
[30-Mar-2020 05:33:41 Asia/Tokyo] デバッグ：セッションID：46rorcbimtcsd7nr2booo7s7oe
[30-Mar-2020 05:33:41 Asia/Tokyo] デバッグ：セッション変数の中身:Array
(
)

[30-Mar-2020 05:33:41 Asia/Tokyo] デバッグ：現在日時タイムスタンンプ1585514021
[30-Mar-2020 05:33:41 Asia/Tokyo] デバッグ：未ログインユーザーです。
[30-Mar-2020 05:33:41 Asia/Tokyo] デバッグ：画面表示処理終了 <<<<<<<<<<<<<<<<<<<<<<<<<<<<<<<<<<<<<<<<<<<<<<<<<
[30-Mar-2020 05:35:15 Asia/Tokyo] デバッグ：「「「「「「「「「「「「「「「「「「「「「「「「「「「「「「「「「「「「「「「「
[30-Mar-2020 05:35:15 Asia/Tokyo] デバッグ：「　ログインページ　
[30-Mar-2020 05:35:15 Asia/Tokyo] デバッグ：「「「「「「「「「「「「「「「「「「「「「「「「「「「「「「「「「「「「「「「「
[30-Mar-2020 05:35:15 Asia/Tokyo] デバッグ：>>>>>>>>>>>>>>>>>>>>>>>>>>>>>>>>>>>>>>>>>>>>>>>>>>>> 画面表示処理開始
[30-Mar-2020 05:35:15 Asia/Tokyo] デバッグ：セッションID：fmn9ell2j03kvlknuo855lb5tp
[30-Mar-2020 05:35:15 Asia/Tokyo] デバッグ：セッション変数の中身:Array
(
)

[30-Mar-2020 05:35:15 Asia/Tokyo] デバッグ：現在日時タイムスタンンプ1585514115
[30-Mar-2020 05:35:15 Asia/Tokyo] デバッグ：未ログインユーザーです。
[30-Mar-2020 05:35:15 Asia/Tokyo] デバッグ：画面表示処理終了 <<<<<<<<<<<<<<<<<<<<<<<<<<<<<<<<<<<<<<<<<<<<<<<<<
[30-Mar-2020 05:35:23 Asia/Tokyo] デバッグ：「「「「「「「「「「「「「「「「「「「「「「「「「「「「「「「「「「「「「「「「
[30-Mar-2020 05:35:23 Asia/Tokyo] デバッグ：「　ログインページ　
[30-Mar-2020 05:35:23 Asia/Tokyo] デバッグ：「「「「「「「「「「「「「「「「「「「「「「「「「「「「「「「「「「「「「「「「
[30-Mar-2020 05:35:23 Asia/Tokyo] デバッグ：>>>>>>>>>>>>>>>>>>>>>>>>>>>>>>>>>>>>>>>>>>>>>>>>>>>> 画面表示処理開始
[30-Mar-2020 05:35:23 Asia/Tokyo] デバッグ：セッションID：oldbn83n42g76c12t9g27s6tn3
[30-Mar-2020 05:35:24 Asia/Tokyo] デバッグ：セッション変数の中身:Array
(
)

[30-Mar-2020 05:35:24 Asia/Tokyo] デバッグ：現在日時タイムスタンンプ1585514124
[30-Mar-2020 05:35:24 Asia/Tokyo] デバッグ：未ログインユーザーです。
[30-Mar-2020 05:35:24 Asia/Tokyo] デバッグ：POST送信があります。
[30-Mar-2020 05:35:24 Asia/Tokyo] デバッグ：$_POSTの中身：Array
(
    [email] => t02f447f@gmail.com
    [pass] => 111111
    [pass_save] => on
)

[30-Mar-2020 05:35:24 Asia/Tokyo] デバッグ：バリデーションチェックOK。
[30-Mar-2020 05:35:24 Asia/Tokyo] デバッグ：クエリに成功しました。
[30-Mar-2020 05:35:24 Asia/Tokyo] デバッグ：クエリ結果の中身：Array
(
    [pass] => $2y$10$BMgduUdPR5keOEf8k7BkIOgM5VD4ST6Px7Ix0rv1MknrdD1Od5jd2
    [id] => 1
)

[30-Mar-2020 05:35:24 Asia/Tokyo] デバッグ：パスワードがマッチしました。
[30-Mar-2020 05:35:24 Asia/Tokyo] デバッグ：ログイン保持にチェックがあります。
[30-Mar-2020 05:35:24 Asia/Tokyo] デバッグ：セッション変数の中身：Array
(
    [login_date] => 1585514124
    [login_limit] => 2592000
    [user_id] => 1
)

[30-Mar-2020 05:35:24 Asia/Tokyo] デバッグ：マイページへ遷移します。
[30-Mar-2020 05:35:24 Asia/Tokyo] デバッグ：画面表示処理終了 <<<<<<<<<<<<<<<<<<<<<<<<<<<<<<<<<<<<<<<<<<<<<<<<<
[30-Mar-2020 05:42:38 Asia/Tokyo] デバッグ：「「「「「「「「「「「「「「「「「「「「「「「「「「「「「「「「「「「「「「「「
[30-Mar-2020 05:42:38 Asia/Tokyo] デバッグ：「　ログインページ　
[30-Mar-2020 05:42:38 Asia/Tokyo] デバッグ：「「「「「「「「「「「「「「「「「「「「「「「「「「「「「「「「「「「「「「「「
[30-Mar-2020 05:42:38 Asia/Tokyo] デバッグ：>>>>>>>>>>>>>>>>>>>>>>>>>>>>>>>>>>>>>>>>>>>>>>>>>>>> 画面表示処理開始
[30-Mar-2020 05:42:38 Asia/Tokyo] デバッグ：セッションID：l8d406sulrn17rl9lgptp6juq1
[30-Mar-2020 05:42:38 Asia/Tokyo] デバッグ：セッション変数の中身:Array
(
    [login_date] => 1585514124
    [login_limit] => 2592000
    [user_id] => 1
)

[30-Mar-2020 05:42:38 Asia/Tokyo] デバッグ：現在日時タイムスタンンプ1585514558
[30-Mar-2020 05:42:38 Asia/Tokyo] デバッグ：ログイン期限日時スタンプ：1588106124
[30-Mar-2020 05:42:38 Asia/Tokyo] デバッグ：ログイン済みユーザーです。
[30-Mar-2020 05:42:38 Asia/Tokyo] デバッグ：ログイン有効期限以内です。
[30-Mar-2020 05:42:38 Asia/Tokyo] デバッグ：マイぺージへ遷移します。
